#
# There is insufficient memory for the Java Runtime Environment to continue.
# Native memory allocation (malloc) failed to allocate 1048576 bytes. Error detail: AllocateHeap
# Possible reasons:
#   The system is out of physical RAM or swap space
#   This process is running with CompressedOops enabled, and the Java Heap may be blocking the growth of the native heap
# Possible solutions:
#   Reduce memory load on the system
#   Increase physical memory or swap space
#   Check if swap backing store is full
#   Decrease Java heap size (-Xmx/-Xms)
#   Decrease number of Java threads
#   Decrease Java thread stack sizes (-Xss)
#   Set larger code cache with -XX:ReservedCodeCacheSize=
#   JVM is running with Unscaled Compressed Oops mode in which the Java heap is
#     placed in the first 4GB address space. The Java Heap base address is the
#     maximum limit for the native heap growth. Please use -XX:HeapBaseMinAddress
#     to set the Java Heap base and to place the Java Heap above 4GB virtual address.
# This output file may be truncated or incomplete.
#
#  Out of Memory Error (allocation.cpp:44), pid=8864, tid=16624
#
# JRE version: OpenJDK Runtime Environment Temurin-21.0.10+7 (21.0.10+7) (build 21.0.10+7-LTS)
# Java VM: OpenJDK 64-Bit Server VM Temurin-21.0.10+7 (21.0.10+7-LTS, mixed mode, sharing, tiered, compressed oops, compressed class ptrs, parallel gc, windows-amd64)
# No core dump will be written. Minidumps are not enabled by default on client versions of Windows
#

---------------  S U M M A R Y ------------

Command Line: --add-modules=ALL-SYSTEM --add-opens=java.base/java.util=ALL-UNNAMED --add-opens=java.base/java.lang=ALL-UNNAMED --add-opens=java.base/sun.nio.fs=ALL-UNNAMED -Declipse.application=org.eclipse.jdt.ls.core.id1 -Dosgi.bundles.defaultStartLevel=4 -Declipse.product=org.eclipse.jdt.ls.core.product -Djava.import.generatesMetadataFilesAtProjectRoot=false -DDetectVMInstallationsJob.disabled=true -Dfile.encoding=utf8 -XX:+UseParallelGC -XX:GCTimeRatio=4 -XX:AdaptiveSizePolicyWeight=90 -Dsun.zip.disableMemoryMapping=true -Xmx2G -Xms100m -Xlog:disable -javaagent:c:\Users\user\.antigravity\extensions\redhat.java-1.53.0-win32-x64\lombok\lombok-1.18.39-4050.jar -XX:+HeapDumpOnOutOfMemoryError -XX:HeapDumpPath=c:\Users\user\AppData\Roaming\Antigravity\User\workspaceStorage\022f5012e3a4bfd1a9f7a9dc4ff6804a\redhat.java -Daether.dependencyCollector.impl=bf c:\Users\user\.antigravity\extensions\redhat.java-1.53.0-win32-x64\server\plugins\org.eclipse.equinox.launcher_1.7.100.v20251111-0406.jar -configuration c:\Users\user\AppData\Roaming\Antigravity\User\globalStorage\redhat.java\1.53.0\config_win -data c:\Users\user\AppData\Roaming\Antigravity\User\workspaceStorage\022f5012e3a4bfd1a9f7a9dc4ff6804a\redhat.java\jdt_ws --pipe=\\.\pipe\lsp-4310079c715d631799dc15846a5457c8-sock

Host: Intel(R) Core(TM) i5-8365U CPU @ 1.60GHz, 8 cores, 7G,  Windows 11 , 64 bit Build 26100 (10.0.26100.7019)
Time: Tue Apr 28 14:33:20 2026 E. Africa Standard Time elapsed time: 497.937599 seconds (0d 0h 8m 17s)

---------------  T H R E A D  ---------------

Current thread (0x0000018a3fc48810):  JavaThread "Attach Listener" daemon [_thread_in_vm, id=16624, stack(0x0000008453b00000,0x0000008453c00000) (1024K)]

Stack: [0x0000008453b00000,0x0000008453c00000]
Native frames: (J=compiled Java code, j=interpreted, Vv=VM code, C=native code)
V  [jvm.dll+0x6d7a39]
V  [jvm.dll+0x8b4b26]
V  [jvm.dll+0x8b70de]
V  [jvm.dll+0x8b77c3]
V  [jvm.dll+0x284346]
V  [jvm.dll+0xc1277]
V  [jvm.dll+0x6d82e9]
V  [jvm.dll+0x1334a6]
V  [jvm.dll+0x3f857e]
V  [jvm.dll+0x85f59d]
V  [jvm.dll+0x6d626d]
C  [ucrtbase.dll+0x37b0]
C  [KERNEL32.DLL+0x2e8d7]
C  [ntdll.dll+0x8c53c]


---------------  P R O C E S S  ---------------

Threads class SMR info:
_java_thread_list=0x0000018a89f4bdb0, length=36, elements={
0x0000018a2947c180, 0x0000018a2953b1b0, 0x0000018a3fc44750, 0x0000018a3fc47db0,
0x0000018a3fc48810, 0x0000018a3fc4b280, 0x0000018a3fc4bce0, 0x0000018a3fc4cb20,
0x0000018a8269bb20, 0x0000018a827fce20, 0x0000018a82968db0, 0x0000018a87568a50,
0x0000018a877e98c0, 0x0000018a870c3400, 0x0000018a87071f30, 0x0000018a871c5460,
0x0000018a87a3cf80, 0x0000018a8726e1c0, 0x0000018a8295aad0, 0x0000018a82958370,
0x0000018a8295a440, 0x0000018a82959090, 0x0000018a82958a00, 0x0000018a82959720,
0x0000018a8866fd60, 0x0000018a886703f0, 0x0000018a88670a80, 0x0000018a88671110,
0x0000018a8866e9b0, 0x0000018a886717a0, 0x0000018a88671e30, 0x0000018a886724c0,
0x0000018a8866f040, 0x0000018a88673f00, 0x0000018a88674c20, 0x0000018a88c7a8f0
}

Java Threads: ( => current thread )
  0x0000018a2947c180 JavaThread "main"                              [_thread_blocked, id=14908, stack(0x0000008453400000,0x0000008453500000) (1024K)]
  0x0000018a2953b1b0 JavaThread "Reference Handler"          daemon [_thread_blocked, id=17184, stack(0x0000008453800000,0x0000008453900000) (1024K)]
  0x0000018a3fc44750 JavaThread "Finalizer"                  daemon [_thread_blocked, id=19728, stack(0x0000008453900000,0x0000008453a00000) (1024K)]
  0x0000018a3fc47db0 JavaThread "Signal Dispatcher"          daemon [_thread_blocked, id=15260, stack(0x0000008453a00000,0x0000008453b00000) (1024K)]
=>0x0000018a3fc48810 JavaThread "Attach Listener"            daemon [_thread_in_vm, id=16624, stack(0x0000008453b00000,0x0000008453c00000) (1024K)]
  0x0000018a3fc4b280 JavaThread "Service Thread"             daemon [_thread_blocked, id=10868, stack(0x0000008453c00000,0x0000008453d00000) (1024K)]
  0x0000018a3fc4bce0 JavaThread "Monitor Deflation Thread"   daemon [_thread_blocked, id=18348, stack(0x0000008453d00000,0x0000008453e00000) (1024K)]
  0x0000018a3fc4cb20 JavaThread "C2 CompilerThread0"         daemon [_thread_blocked, id=8352, stack(0x0000008453e00000,0x0000008453f00000) (1024K)]
  0x0000018a8269bb20 JavaThread "C1 CompilerThread0"         daemon [_thread_blocked, id=15204, stack(0x0000008453f00000,0x0000008454000000) (1024K)]
  0x0000018a827fce20 JavaThread "Common-Cleaner"             daemon [_thread_blocked, id=17324, stack(0x0000008454000000,0x0000008454100000) (1024K)]
  0x0000018a82968db0 JavaThread "Notification Thread"        daemon [_thread_blocked, id=19836, stack(0x0000008454100000,0x0000008454200000) (1024K)]
  0x0000018a87568a50 JavaThread "Active Thread: Equinox Container: 0d7b5341-c792-4b22-a85e-7b1afe19e8b0"        [_thread_blocked, id=16976, stack(0x0000008454800000,0x0000008454900000) (1024K)]
  0x0000018a877e98c0 JavaThread "Refresh Thread: Equinox Container: 0d7b5341-c792-4b22-a85e-7b1afe19e8b0" daemon [_thread_blocked, id=20092, stack(0x0000008454a00000,0x0000008454b00000) (1024K)]
  0x0000018a870c3400 JavaThread "Framework Event Dispatcher: Equinox Container: 0d7b5341-c792-4b22-a85e-7b1afe19e8b0" daemon [_thread_blocked, id=13680, stack(0x0000008454b00000,0x0000008454c00000) (1024K)]
  0x0000018a87071f30 JavaThread "Start Level: Equinox Container: 0d7b5341-c792-4b22-a85e-7b1afe19e8b0" daemon [_thread_blocked, id=15264, stack(0x0000008454c00000,0x0000008454d00000) (1024K)]
  0x0000018a871c5460 JavaThread "Bundle File Closer"         daemon [_thread_blocked, id=15056, stack(0x0000008454e00000,0x0000008454f00000) (1024K)]
  0x0000018a87a3cf80 JavaThread "SCR Component Actor"        daemon [_thread_blocked, id=6820, stack(0x0000008454d00000,0x0000008454e00000) (1024K)]
  0x0000018a8726e1c0 JavaThread "Worker-JM"                         [_thread_blocked, id=10164, stack(0x0000008454f00000,0x0000008455000000) (1024K)]
  0x0000018a8295aad0 JavaThread "JNA Cleaner"                daemon [_thread_blocked, id=6736, stack(0x0000008455000000,0x0000008455100000) (1024K)]
  0x0000018a82958370 JavaThread "Worker-1"                          [_thread_blocked, id=9428, stack(0x0000008455200000,0x0000008455300000) (1024K)]
  0x0000018a8295a440 JavaThread "Java indexing"              daemon [_thread_blocked, id=19544, stack(0x0000008455500000,0x0000008455600000) (1024K)]
  0x0000018a82959090 JavaThread "Worker-3"                          [_thread_blocked, id=4072, stack(0x0000008455800000,0x0000008455900000) (1024K)]
  0x0000018a82958a00 JavaThread "Thread-1"                   daemon [_thread_in_native, id=8132, stack(0x0000008455a00000,0x0000008455b00000) (1024K)]
  0x0000018a82959720 JavaThread "Thread-2"                   daemon [_thread_in_native, id=6600, stack(0x0000008455b00000,0x0000008455c00000) (1024K)]
  0x0000018a8866fd60 JavaThread "Thread-3"                   daemon [_thread_in_native, id=18056, stack(0x0000008455c00000,0x0000008455d00000) (1024K)]
  0x0000018a886703f0 JavaThread "Thread-4"                   daemon [_thread_in_native, id=12228, stack(0x0000008455d00000,0x0000008455e00000) (1024K)]
  0x0000018a88670a80 JavaThread "Thread-5"                   daemon [_thread_in_native, id=18480, stack(0x0000008455e00000,0x0000008455f00000) (1024K)]
  0x0000018a88671110 JavaThread "Thread-6"                   daemon [_thread_in_native, id=2608, stack(0x0000008455f00000,0x0000008456000000) (1024K)]
  0x0000018a8866e9b0 JavaThread "Thread-7"                   daemon [_thread_in_native, id=17740, stack(0x0000008456000000,0x0000008456100000) (1024K)]
  0x0000018a886717a0 JavaThread "Thread-8"                   daemon [_thread_in_native, id=11352, stack(0x0000008456100000,0x0000008456200000) (1024K)]
  0x0000018a88671e30 JavaThread "Thread-9"                   daemon [_thread_in_native, id=17436, stack(0x0000008456200000,0x0000008456300000) (1024K)]
  0x0000018a886724c0 JavaThread "pool-2-thread-1"                   [_thread_blocked, id=16656, stack(0x0000008456300000,0x0000008456400000) (1024K)]
  0x0000018a8866f040 JavaThread "WorkspaceEventsHandler"            [_thread_blocked, id=20080, stack(0x0000008456400000,0x0000008456500000) (1024K)]
  0x0000018a88673f00 JavaThread "pool-1-thread-1"                   [_thread_blocked, id=17580, stack(0x0000008456500000,0x0000008456600000) (1024K)]
  0x0000018a88674c20 JavaThread "ForkJoinPool.commonPool-worker-1" daemon [_thread_blocked, id=11248, stack(0x0000008453300000,0x0000008453400000) (1024K)]
  0x0000018a88c7a8f0 JavaThread "ForkJoinPool.commonPool-worker-3" daemon [_thread_blocked, id=172, stack(0x0000008455700000,0x0000008455800000) (1024K)]
Total: 36

Other Threads:
  0x0000018a2951e950 VMThread "VM Thread"                           [id=16132, stack(0x0000008453700000,0x0000008453800000) (1024K)]
  0x0000018a3fb5ca00 WatcherThread "VM Periodic Task Thread"        [id=19352, stack(0x0000008453600000,0x0000008453700000) (1024K)]
  0x0000018a2949c3c0 WorkerThread "GC Thread#0"                     [id=10700, stack(0x0000008453500000,0x0000008453600000) (1024K)]
  0x0000018a8732b0d0 WorkerThread "GC Thread#1"                     [id=5472, stack(0x0000008454200000,0x0000008454300000) (1024K)]
  0x0000018a8732b480 WorkerThread "GC Thread#2"                     [id=12788, stack(0x0000008454300000,0x0000008454400000) (1024K)]
  0x0000018a8732bbe0 WorkerThread "GC Thread#3"                     [id=17884, stack(0x0000008454400000,0x0000008454500000) (1024K)]
  0x0000018a8732ad20 WorkerThread "GC Thread#4"                     [id=15384, stack(0x0000008454500000,0x0000008454600000) (1024K)]
  0x0000018a8732a210 WorkerThread "GC Thread#5"                     [id=10112, stack(0x0000008454600000,0x0000008454700000) (1024K)]
  0x0000018a8732b830 WorkerThread "GC Thread#6"                     [id=8080, stack(0x0000008454700000,0x0000008454800000) (1024K)]
  0x0000018a870c1900 WorkerThread "GC Thread#7"                     [id=1976, stack(0x0000008454900000,0x0000008454a00000) (1024K)]
Total: 10

Threads with active compile tasks:
Total: 0

VM state: not at safepoint (normal execution)

VM Mutex/Monitor currently owned by a thread: None

Heap address: 0x0000000080000000, size: 2048 MB, Compressed Oops mode: 32-bit

CDS archive(s) mapped at: [0x0000018a40000000-0x0000018a40ba0000-0x0000018a40ba0000), size 12189696, SharedBaseAddress: 0x0000018a40000000, ArchiveRelocationMode: 1.
Compressed class space mapped at: 0x0000018a41000000-0x0000018a81000000, reserved size: 1073741824
Narrow klass base: 0x0000018a40000000, Narrow klass shift: 0, Narrow klass range: 0x100000000

GC Precious Log:
 CardTable entry size: 512
 CPUs: 8 total, 8 available
 Memory: 8006M
 Large Page Support: Disabled
 NUMA Support: Disabled
 Compressed Oops: Enabled (32-bit)
 Alignments: Space 512K, Generation 512K, Heap 2M
 Heap Min Capacity: 100M
 Heap Initial Capacity: 100M
 Heap Max Capacity: 2G
 Pre-touch: Disabled
 Parallel Workers: 8

Heap:
 PSYoungGen      total 3584K, used 3002K [0x00000000d5580000, 0x00000000d5a00000, 0x0000000100000000)
  eden space 3072K, 89% used [0x00000000d5580000,0x00000000d582ea68,0x00000000d5880000)
  from space 512K, 50% used [0x00000000d5900000,0x00000000d5940000,0x00000000d5980000)
  to   space 512K, 0% used [0x00000000d5980000,0x00000000d5980000,0x00000000d5a00000)
 ParOldGen       total 194560K, used 115887K [0x0000000080000000, 0x000000008be00000, 0x00000000d5580000)
  object space 194560K, 59% used [0x0000000080000000,0x000000008712bd20,0x000000008be00000)
 Metaspace       used 65063K, committed 66496K, reserved 1114112K
  class space    used 6644K, committed 7232K, reserved 1048576K

Card table byte_map: [0x0000018a28d30000,0x0000018a29140000] _byte_map_base: 0x0000018a28930000

Marking Bits: (ParMarkBitMap*) 0x00007ffc3dee3450
 Begin Bits: [0x0000018a3b680000, 0x0000018a3d680000)
 End Bits:   [0x0000018a3d680000, 0x0000018a3f680000)

Polling page: 0x0000018a271f0000

Metaspace:

Usage:
  Non-class:     57.05 MB used.
      Class:      6.49 MB used.
       Both:     63.54 MB used.

Virtual space:
  Non-class space:       64.00 MB reserved,      57.88 MB ( 90%) committed,  1 nodes.
      Class space:        1.00 GB reserved,       7.06 MB ( <1%) committed,  1 nodes.
             Both:        1.06 GB reserved,      64.94 MB (  6%) committed. 

Chunk freelists:
   Non-Class:  5.30 MB
       Class:  8.91 MB
        Both:  14.21 MB

MaxMetaspaceSize: unlimited
CompressedClassSpaceSize: 1.00 GB
Initial GC threshold: 21.00 MB
Current GC threshold: 99.00 MB
CDS: on
 - commit_granule_bytes: 65536.
 - commit_granule_words: 8192.
 - virtual_space_node_default_size: 8388608.
 - enlarge_chunks_in_place: 1.
 - use_allocation_guard: 0.


Internal statistics:

num_allocs_failed_limit: 17.
num_arena_births: 1224.
num_arena_deaths: 14.
num_vsnodes_births: 2.
num_vsnodes_deaths: 0.
num_space_committed: 1039.
num_space_uncommitted: 0.
num_chunks_returned_to_freelist: 31.
num_chunks_taken_from_freelist: 4381.
num_chunk_merges: 20.
num_chunk_splits: 2646.
num_chunks_enlarged: 1405.
num_inconsistent_stats: 0.

CodeHeap 'non-profiled nmethods': size=120000Kb used=12861Kb max_used=12861Kb free=107138Kb
 bounds [0x0000018a34150000, 0x0000018a34de0000, 0x0000018a3b680000]
CodeHeap 'profiled nmethods': size=120000Kb used=32944Kb max_used=32944Kb free=87055Kb
 bounds [0x0000018a2c680000, 0x0000018a2e6b0000, 0x0000018a33bb0000]
CodeHeap 'non-nmethods': size=5760Kb used=1423Kb max_used=1539Kb free=4336Kb
 bounds [0x0000018a33bb0000, 0x0000018a33e20000, 0x0000018a34150000]
CodeCache: size=245760Kb, used=47228Kb, max_used=47344Kb, free=198529Kb
 total_blobs=13576, nmethods=12839, adapters=641, full_count=0
Compilation: enabled, stopped_count=0, restarted_count=0

Compilation events (20 events):
Event: 193.614 Thread 0x0000018a8269bb20 13652       3       java.net.URI::normalize (65 bytes)
Event: 193.615 Thread 0x0000018a8269bb20 nmethod 13652 0x0000018a2e6a8010 code [0x0000018a2e6a8280, 0x0000018a2e6a88d8]
Event: 217.404 Thread 0x0000018a8269bb20 13653       3       java.util.concurrent.ThreadPoolExecutor$Worker::unlock (7 bytes)
Event: 217.405 Thread 0x0000018a8269bb20 nmethod 13653 0x0000018a2e6a8b10 code [0x0000018a2e6a8ce0, 0x0000018a2e6a8f38]
Event: 217.405 Thread 0x0000018a8269bb20 13654       3       java.util.concurrent.ThreadPoolExecutor$Worker::tryRelease (12 bytes)
Event: 217.406 Thread 0x0000018a8269bb20 nmethod 13654 0x0000018a2e6a9090 code [0x0000018a2e6a9220, 0x0000018a2e6a9388]
Event: 266.607 Thread 0x0000018a3fc4cb20 13655       4       java.security.AccessController::doPrivileged (9 bytes)
Event: 266.751 Thread 0x0000018a3fc4cb20 nmethod 13655 0x0000018a34dded90 code [0x0000018a34ddef20, 0x0000018a34ddefe0]
Event: 277.422 Thread 0x0000018a8269bb20 13656       3       java.util.concurrent.ThreadPoolExecutor$Worker::tryAcquire (20 bytes)
Event: 277.426 Thread 0x0000018a8269bb20 nmethod 13656 0x0000018a2e6a9410 code [0x0000018a2e6a95c0, 0x0000018a2e6a97c8]
Event: 330.029 Thread 0x0000018a8269bb20 13657       3       java.util.concurrent.ThreadPoolExecutor$Worker::lock (6 bytes)
Event: 330.033 Thread 0x0000018a8269bb20 nmethod 13657 0x0000018a2e6a9890 code [0x0000018a2e6a9a40, 0x0000018a2e6a9b80]
Event: 340.056 Thread 0x0000018a3fc4cb20 13658       4       java.util.concurrent.locks.AbstractQueuedSynchronizer$ConditionObject::signal (34 bytes)
Event: 340.081 Thread 0x0000018a3fc4cb20 nmethod 13658 0x0000018a34ddf110 code [0x0000018a34ddf2c0, 0x0000018a34ddf3f8]
Event: 367.753 Thread 0x0000018a8269bb20 13659       3       java.util.concurrent.locks.ReentrantLock::lockInterruptibly (8 bytes)
Event: 367.811 Thread 0x0000018a8269bb20 nmethod 13659 0x0000018a2e6a9c10 code [0x0000018a2e6a9e20, 0x0000018a2e6aa3a8]
Event: 370.156 Thread 0x0000018a8269bb20 13661   !   3       java.util.concurrent.ThreadPoolExecutor::getTask (177 bytes)
Event: 370.210 Thread 0x0000018a8269bb20 nmethod 13661 0x0000018a2e6aa590 code [0x0000018a2e6aa840, 0x0000018a2e6ab670]
Event: 476.685 Thread 0x0000018a8269bb20 13662       3       java.util.concurrent.locks.AbstractQueuedSynchronizer$ConditionObject::canReacquire (38 bytes)
Event: 476.698 Thread 0x0000018a8269bb20 nmethod 13662 0x0000018a2e6abb10 code [0x0000018a2e6abce0, 0x0000018a2e6ac028]

GC Heap History (20 events):
Event: 162.479 GC heap before
{Heap before GC invocations=375 (full 3):
 PSYoungGen      total 3584K, used 3571K [0x00000000d5580000, 0x00000000d5a80000, 0x0000000100000000)
  eden space 3072K, 100% used [0x00000000d5580000,0x00000000d5880000,0x00000000d5880000)
  from space 512K, 97% used [0x00000000d5900000,0x00000000d597cf10,0x00000000d5980000)
  to   space 1024K, 0% used [0x00000000d5980000,0x00000000d5980000,0x00000000d5a80000)
 ParOldGen       total 194560K, used 113321K [0x0000000080000000, 0x000000008be00000, 0x00000000d5580000)
  object space 194560K, 58% used [0x0000000080000000,0x0000000086eaa678,0x000000008be00000)
 Metaspace       used 64724K, committed 66176K, reserved 1114112K
  class space    used 6607K, committed 7232K, reserved 1048576K
}
Event: 162.482 GC heap after
{Heap after GC invocations=375 (full 3):
 PSYoungGen      total 4096K, used 544K [0x00000000d5580000, 0x00000000d5a80000, 0x0000000100000000)
  eden space 3072K, 0% used [0x00000000d5580000,0x00000000d5580000,0x00000000d5880000)
  from space 1024K, 53% used [0x00000000d5980000,0x00000000d5a08000,0x00000000d5a80000)
  to   space 1024K, 0% used [0x00000000d5880000,0x00000000d5880000,0x00000000d5980000)
 ParOldGen       total 194560K, used 113679K [0x0000000080000000, 0x000000008be00000, 0x00000000d5580000)
  object space 194560K, 58% used [0x0000000080000000,0x0000000086f03c78,0x000000008be00000)
 Metaspace       used 64724K, committed 66176K, reserved 1114112K
  class space    used 6607K, committed 7232K, reserved 1048576K
}
Event: 162.549 GC heap before
{Heap before GC invocations=376 (full 3):
 PSYoungGen      total 4096K, used 3616K [0x00000000d5580000, 0x00000000d5a80000, 0x0000000100000000)
  eden space 3072K, 100% used [0x00000000d5580000,0x00000000d5880000,0x00000000d5880000)
  from space 1024K, 53% used [0x00000000d5980000,0x00000000d5a08000,0x00000000d5a80000)
  to   space 1024K, 0% used [0x00000000d5880000,0x00000000d5880000,0x00000000d5980000)
 ParOldGen       total 194560K, used 113679K [0x0000000080000000, 0x000000008be00000, 0x00000000d5580000)
  object space 194560K, 58% used [0x0000000080000000,0x0000000086f03c78,0x000000008be00000)
 Metaspace       used 64759K, committed 66240K, reserved 1114112K
  class space    used 6613K, committed 7232K, reserved 1048576K
}
Event: 162.552 GC heap after
{Heap after GC invocations=376 (full 3):
 PSYoungGen      total 4096K, used 224K [0x00000000d5580000, 0x00000000d5a00000, 0x0000000100000000)
  eden space 3072K, 0% used [0x00000000d5580000,0x00000000d5580000,0x00000000d5880000)
  from space 1024K, 21% used [0x00000000d5880000,0x00000000d58b8000,0x00000000d5980000)
  to   space 512K, 0% used [0x00000000d5980000,0x00000000d5980000,0x00000000d5a00000)
 ParOldGen       total 194560K, used 114095K [0x0000000080000000, 0x000000008be00000, 0x00000000d5580000)
  object space 194560K, 58% used [0x0000000080000000,0x0000000086f6bc88,0x000000008be00000)
 Metaspace       used 64759K, committed 66240K, reserved 1114112K
  class space    used 6613K, committed 7232K, reserved 1048576K
}
Event: 162.756 GC heap before
{Heap before GC invocations=377 (full 3):
 PSYoungGen      total 4096K, used 3295K [0x00000000d5580000, 0x00000000d5a00000, 0x0000000100000000)
  eden space 3072K, 99% used [0x00000000d5580000,0x00000000d587fff8,0x00000000d5880000)
  from space 1024K, 21% used [0x00000000d5880000,0x00000000d58b8000,0x00000000d5980000)
  to   space 512K, 0% used [0x00000000d5980000,0x00000000d5980000,0x00000000d5a00000)
 ParOldGen       total 194560K, used 114095K [0x0000000080000000, 0x000000008be00000, 0x00000000d5580000)
  object space 194560K, 58% used [0x0000000080000000,0x0000000086f6bc88,0x000000008be00000)
 Metaspace       used 64776K, committed 66240K, reserved 1114112K
  class space    used 6613K, committed 7232K, reserved 1048576K
}
Event: 162.758 GC heap after
{Heap after GC invocations=377 (full 3):
 PSYoungGen      total 3584K, used 500K [0x00000000d5580000, 0x00000000d5a80000, 0x0000000100000000)
  eden space 3072K, 0% used [0x00000000d5580000,0x00000000d5580000,0x00000000d5880000)
  from space 512K, 97% used [0x00000000d5980000,0x00000000d59fd200,0x00000000d5a00000)
  to   space 1024K, 0% used [0x00000000d5880000,0x00000000d5880000,0x00000000d5980000)
 ParOldGen       total 194560K, used 114223K [0x0000000080000000, 0x000000008be00000, 0x00000000d5580000)
  object space 194560K, 58% used [0x0000000080000000,0x0000000086f8bc88,0x000000008be00000)
 Metaspace       used 64776K, committed 66240K, reserved 1114112K
  class space    used 6613K, committed 7232K, reserved 1048576K
}
Event: 162.828 GC heap before
{Heap before GC invocations=378 (full 3):
 PSYoungGen      total 3584K, used 3572K [0x00000000d5580000, 0x00000000d5a80000, 0x0000000100000000)
  eden space 3072K, 99% used [0x00000000d5580000,0x00000000d587fff0,0x00000000d5880000)
  from space 512K, 97% used [0x00000000d5980000,0x00000000d59fd200,0x00000000d5a00000)
  to   space 1024K, 0% used [0x00000000d5880000,0x00000000d5880000,0x00000000d5980000)
 ParOldGen       total 194560K, used 114223K [0x0000000080000000, 0x000000008be00000, 0x00000000d5580000)
  object space 194560K, 58% used [0x0000000080000000,0x0000000086f8bc88,0x000000008be00000)
 Metaspace       used 64783K, committed 66240K, reserved 1114112K
  class space    used 6613K, committed 7232K, reserved 1048576K
}
Event: 162.829 GC heap after
{Heap after GC invocations=378 (full 3):
 PSYoungGen      total 4096K, used 488K [0x00000000d5580000, 0x00000000d5a80000, 0x0000000100000000)
  eden space 3072K, 0% used [0x00000000d5580000,0x00000000d5580000,0x00000000d5880000)
  from space 1024K, 47% used [0x00000000d5880000,0x00000000d58fa030,0x00000000d5980000)
  to   space 1024K, 0% used [0x00000000d5980000,0x00000000d5980000,0x00000000d5a80000)
 ParOldGen       total 194560K, used 114667K [0x0000000080000000, 0x000000008be00000, 0x00000000d5580000)
  object space 194560K, 58% used [0x0000000080000000,0x0000000086ffae88,0x000000008be00000)
 Metaspace       used 64783K, committed 66240K, reserved 1114112K
  class space    used 6613K, committed 7232K, reserved 1048576K
}
Event: 162.887 GC heap before
{Heap before GC invocations=379 (full 3):
 PSYoungGen      total 4096K, used 3548K [0x00000000d5580000, 0x00000000d5a80000, 0x0000000100000000)
  eden space 3072K, 99% used [0x00000000d5580000,0x00000000d587d130,0x00000000d5880000)
  from space 1024K, 47% used [0x00000000d5880000,0x00000000d58fa030,0x00000000d5980000)
  to   space 1024K, 0% used [0x00000000d5980000,0x00000000d5980000,0x00000000d5a80000)
 ParOldGen       total 194560K, used 114667K [0x0000000080000000, 0x000000008be00000, 0x00000000d5580000)
  object space 194560K, 58% used [0x0000000080000000,0x0000000086ffae88,0x000000008be00000)
 Metaspace       used 64786K, committed 66240K, reserved 1114112K
  class space    used 6613K, committed 7232K, reserved 1048576K
}
Event: 162.888 GC heap after
{Heap after GC invocations=379 (full 3):
 PSYoungGen      total 3584K, used 406K [0x00000000d5580000, 0x00000000d5a00000, 0x0000000100000000)
  eden space 3072K, 0% used [0x00000000d5580000,0x00000000d5580000,0x00000000d5880000)
  from space 512K, 79% used [0x00000000d5980000,0x00000000d59e5828,0x00000000d5a00000)
  to   space 512K, 0% used [0x00000000d5900000,0x00000000d5900000,0x00000000d5980000)
 ParOldGen       total 194560K, used 115639K [0x0000000080000000, 0x000000008be00000, 0x00000000d5580000)
  object space 194560K, 59% used [0x0000000080000000,0x00000000870edd20,0x000000008be00000)
 Metaspace       used 64786K, committed 66240K, reserved 1114112K
  class space    used 6613K, committed 7232K, reserved 1048576K
}
Event: 162.938 GC heap before
{Heap before GC invocations=380 (full 3):
 PSYoungGen      total 3584K, used 3478K [0x00000000d5580000, 0x00000000d5a00000, 0x0000000100000000)
  eden space 3072K, 100% used [0x00000000d5580000,0x00000000d5880000,0x00000000d5880000)
  from space 512K, 79% used [0x00000000d5980000,0x00000000d59e5828,0x00000000d5a00000)
  to   space 512K, 0% used [0x00000000d5900000,0x00000000d5900000,0x00000000d5980000)
 ParOldGen       total 194560K, used 115639K [0x0000000080000000, 0x000000008be00000, 0x00000000d5580000)
  object space 194560K, 59% used [0x0000000080000000,0x00000000870edd20,0x000000008be00000)
 Metaspace       used 64787K, committed 66240K, reserved 1114112K
  class space    used 6613K, committed 7232K, reserved 1048576K
}
Event: 162.939 GC heap after
{Heap after GC invocations=380 (full 3):
 PSYoungGen      total 3584K, used 192K [0x00000000d5580000, 0x00000000d5a00000, 0x0000000100000000)
  eden space 3072K, 0% used [0x00000000d5580000,0x00000000d5580000,0x00000000d5880000)
  from space 512K, 37% used [0x00000000d5900000,0x00000000d5930000,0x00000000d5980000)
  to   space 512K, 0% used [0x00000000d5980000,0x00000000d5980000,0x00000000d5a00000)
 ParOldGen       total 194560K, used 115679K [0x0000000080000000, 0x000000008be00000, 0x00000000d5580000)
  object space 194560K, 59% used [0x0000000080000000,0x00000000870f7d20,0x000000008be00000)
 Metaspace       used 64787K, committed 66240K, reserved 1114112K
  class space    used 6613K, committed 7232K, reserved 1048576K
}
Event: 163.173 GC heap before
{Heap before GC invocations=381 (full 3):
 PSYoungGen      total 3584K, used 3247K [0x00000000d5580000, 0x00000000d5a00000, 0x0000000100000000)
  eden space 3072K, 99% used [0x00000000d5580000,0x00000000d587bfe8,0x00000000d5880000)
  from space 512K, 37% used [0x00000000d5900000,0x00000000d5930000,0x00000000d5980000)
  to   space 512K, 0% used [0x00000000d5980000,0x00000000d5980000,0x00000000d5a00000)
 ParOldGen       total 194560K, used 115679K [0x0000000080000000, 0x000000008be00000, 0x00000000d5580000)
  object space 194560K, 59% used [0x0000000080000000,0x00000000870f7d20,0x000000008be00000)
 Metaspace       used 64800K, committed 66240K, reserved 1114112K
  class space    used 6615K, committed 7232K, reserved 1048576K
}
Event: 163.175 GC heap after
{Heap after GC invocations=381 (full 3):
 PSYoungGen      total 3584K, used 373K [0x00000000d5580000, 0x00000000d5a00000, 0x0000000100000000)
  eden space 3072K, 0% used [0x00000000d5580000,0x00000000d5580000,0x00000000d5880000)
  from space 512K, 72% used [0x00000000d5980000,0x00000000d59dd6e8,0x00000000d5a00000)
  to   space 512K, 0% used [0x00000000d5900000,0x00000000d5900000,0x00000000d5980000)
 ParOldGen       total 194560K, used 115711K [0x0000000080000000, 0x000000008be00000, 0x00000000d5580000)
  object space 194560K, 59% used [0x0000000080000000,0x00000000870ffd20,0x000000008be00000)
 Metaspace       used 64800K, committed 66240K, reserved 1114112K
  class space    used 6615K, committed 7232K, reserved 1048576K
}
Event: 163.410 GC heap before
{Heap before GC invocations=382 (full 3):
 PSYoungGen      total 3584K, used 3445K [0x00000000d5580000, 0x00000000d5a00000, 0x0000000100000000)
  eden space 3072K, 100% used [0x00000000d5580000,0x00000000d5880000,0x00000000d5880000)
  from space 512K, 72% used [0x00000000d5980000,0x00000000d59dd6e8,0x00000000d5a00000)
  to   space 512K, 0% used [0x00000000d5900000,0x00000000d5900000,0x00000000d5980000)
 ParOldGen       total 194560K, used 115711K [0x0000000080000000, 0x000000008be00000, 0x00000000d5580000)
  object space 194560K, 59% used [0x0000000080000000,0x00000000870ffd20,0x000000008be00000)
 Metaspace       used 64802K, committed 66240K, reserved 1114112K
  class space    used 6615K, committed 7232K, reserved 1048576K
}
Event: 163.411 GC heap after
{Heap after GC invocations=382 (full 3):
 PSYoungGen      total 3584K, used 160K [0x00000000d5580000, 0x00000000d5a00000, 0x0000000100000000)
  eden space 3072K, 0% used [0x00000000d5580000,0x00000000d5580000,0x00000000d5880000)
  from space 512K, 31% used [0x00000000d5900000,0x00000000d5928000,0x00000000d5980000)
  to   space 512K, 0% used [0x00000000d5980000,0x00000000d5980000,0x00000000d5a00000)
 ParOldGen       total 194560K, used 115743K [0x0000000080000000, 0x000000008be00000, 0x00000000d5580000)
  object space 194560K, 59% used [0x0000000080000000,0x0000000087107d20,0x000000008be00000)
 Metaspace       used 64802K, committed 66240K, reserved 1114112K
  class space    used 6615K, committed 7232K, reserved 1048576K
}
Event: 164.303 GC heap before
{Heap before GC invocations=383 (full 3):
 PSYoungGen      total 3584K, used 3231K [0x00000000d5580000, 0x00000000d5a00000, 0x0000000100000000)
  eden space 3072K, 99% used [0x00000000d5580000,0x00000000d587ffd8,0x00000000d5880000)
  from space 512K, 31% used [0x00000000d5900000,0x00000000d5928000,0x00000000d5980000)
  to   space 512K, 0% used [0x00000000d5980000,0x00000000d5980000,0x00000000d5a00000)
 ParOldGen       total 194560K, used 115743K [0x0000000080000000, 0x000000008be00000, 0x00000000d5580000)
  object space 194560K, 59% used [0x0000000080000000,0x0000000087107d20,0x000000008be00000)
 Metaspace       used 64882K, committed 66304K, reserved 1114112K
  class space    used 6621K, committed 7232K, reserved 1048576K
}
Event: 164.304 GC heap after
{Heap after GC invocations=383 (full 3):
 PSYoungGen      total 3584K, used 224K [0x00000000d5580000, 0x00000000d5a00000, 0x0000000100000000)
  eden space 3072K, 0% used [0x00000000d5580000,0x00000000d5580000,0x00000000d5880000)
  from space 512K, 43% used [0x00000000d5980000,0x00000000d59b8000,0x00000000d5a00000)
  to   space 512K, 0% used [0x00000000d5900000,0x00000000d5900000,0x00000000d5980000)
 ParOldGen       total 194560K, used 115783K [0x0000000080000000, 0x000000008be00000, 0x00000000d5580000)
  object space 194560K, 59% used [0x0000000080000000,0x0000000087111d20,0x000000008be00000)
 Metaspace       used 64882K, committed 66304K, reserved 1114112K
  class space    used 6621K, committed 7232K, reserved 1048576K
}
Event: 191.292 GC heap before
{Heap before GC invocations=384 (full 3):
 PSYoungGen      total 3584K, used 3296K [0x00000000d5580000, 0x00000000d5a00000, 0x0000000100000000)
  eden space 3072K, 100% used [0x00000000d5580000,0x00000000d5880000,0x00000000d5880000)
  from space 512K, 43% used [0x00000000d5980000,0x00000000d59b8000,0x00000000d5a00000)
  to   space 512K, 0% used [0x00000000d5900000,0x00000000d5900000,0x00000000d5980000)
 ParOldGen       total 194560K, used 115783K [0x0000000080000000, 0x000000008be00000, 0x00000000d5580000)
  object space 194560K, 59% used [0x0000000080000000,0x0000000087111d20,0x000000008be00000)
 Metaspace       used 65031K, committed 66368K, reserved 1114112K
  class space    used 6643K, committed 7232K, reserved 1048576K
}
Event: 191.294 GC heap after
{Heap after GC invocations=384 (full 3):
 PSYoungGen      total 3584K, used 256K [0x00000000d5580000, 0x00000000d5a00000, 0x0000000100000000)
  eden space 3072K, 0% used [0x00000000d5580000,0x00000000d5580000,0x00000000d5880000)
  from space 512K, 50% used [0x00000000d5900000,0x00000000d5940000,0x00000000d5980000)
  to   space 512K, 0% used [0x00000000d5980000,0x00000000d5980000,0x00000000d5a00000)
 ParOldGen       total 194560K, used 115887K [0x0000000080000000, 0x000000008be00000, 0x00000000d5580000)
  object space 194560K, 59% used [0x0000000080000000,0x000000008712bd20,0x000000008be00000)
 Metaspace       used 65031K, committed 66368K, reserved 1114112K
  class space    used 6643K, committed 7232K, reserved 1048576K
}

Dll operation events (10 events):
Event: 0.033 Loaded shared library c:\Users\user\.antigravity\extensions\redhat.java-1.53.0-win32-x64\jre\21.0.10-win32-x86_64\bin\java.dll
Event: 0.301 Loaded shared library c:\Users\user\.antigravity\extensions\redhat.java-1.53.0-win32-x64\jre\21.0.10-win32-x86_64\bin\zip.dll
Event: 0.402 Loaded shared library C:\Users\user\.antigravity\extensions\redhat.java-1.53.0-win32-x64\jre\21.0.10-win32-x86_64\bin\instrument.dll
Event: 0.443 Loaded shared library C:\Users\user\.antigravity\extensions\redhat.java-1.53.0-win32-x64\jre\21.0.10-win32-x86_64\bin\net.dll
Event: 0.447 Loaded shared library C:\Users\user\.antigravity\extensions\redhat.java-1.53.0-win32-x64\jre\21.0.10-win32-x86_64\bin\nio.dll
Event: 0.452 Loaded shared library C:\Users\user\.antigravity\extensions\redhat.java-1.53.0-win32-x64\jre\21.0.10-win32-x86_64\bin\zip.dll
Event: 0.500 Loaded shared library C:\Users\user\.antigravity\extensions\redhat.java-1.53.0-win32-x64\jre\21.0.10-win32-x86_64\bin\jimage.dll
Event: 0.733 Loaded shared library c:\Users\user\.antigravity\extensions\redhat.java-1.53.0-win32-x64\jre\21.0.10-win32-x86_64\bin\verify.dll
Event: 8.426 Loaded shared library C:\Users\user\AppData\Roaming\Antigravity\User\globalStorage\redhat.java\1.53.0\config_win\org.eclipse.equinox.launcher\org.eclipse.equinox.launcher.win32.win32.x86_64_1.3.0.v20260203-2149\eclipse_11919.dll
Event: 13.817 Loaded shared library C:\Users\user\AppData\Local\Temp\jna-3599307\jna16334234906049715147.dll

Deoptimization events (20 events):
Event: 164.668 Thread 0x0000018a82958370 DEOPT PACKING pc=0x0000018a2dc1e6db sp=0x00000084552fe770
Event: 164.668 Thread 0x0000018a82958370 DEOPT UNPACKING pc=0x0000018a33c04242 sp=0x00000084552fdc90 mode 0
Event: 190.546 Thread 0x0000018a88673f00 Uncommon trap: trap_request=0xffffffde fr.pc=0x0000018a34da939c relative=0x000000000000059c
Event: 190.546 Thread 0x0000018a88673f00 Uncommon trap: reason=class_check action=maybe_recompile pc=0x0000018a34da939c method=org.eclipse.jdt.internal.core.JavaProject.equals(Ljava/lang/Object;)Z @ 8 c2
Event: 190.546 Thread 0x0000018a88673f00 DEOPT PACKING pc=0x0000018a34da939c sp=0x00000084565fe290
Event: 190.546 Thread 0x0000018a88673f00 DEOPT UNPACKING pc=0x0000018a33c03aa2 sp=0x00000084565fe248 mode 2
Event: 190.674 Thread 0x0000018a88673f00 Uncommon trap: trap_request=0xffffffde fr.pc=0x0000018a34da939c relative=0x000000000000059c
Event: 190.674 Thread 0x0000018a88673f00 Uncommon trap: reason=class_check action=maybe_recompile pc=0x0000018a34da939c method=org.eclipse.jdt.internal.core.JavaProject.equals(Ljava/lang/Object;)Z @ 8 c2
Event: 190.674 Thread 0x0000018a88673f00 DEOPT PACKING pc=0x0000018a34da939c sp=0x00000084565fe2d0
Event: 190.674 Thread 0x0000018a88673f00 DEOPT UNPACKING pc=0x0000018a33c03aa2 sp=0x00000084565fe288 mode 2
Event: 190.724 Thread 0x0000018a88673f00 Uncommon trap: trap_request=0xffffffde fr.pc=0x0000018a34da939c relative=0x000000000000059c
Event: 190.724 Thread 0x0000018a88673f00 Uncommon trap: reason=class_check action=maybe_recompile pc=0x0000018a34da939c method=org.eclipse.jdt.internal.core.JavaProject.equals(Ljava/lang/Object;)Z @ 8 c2
Event: 190.724 Thread 0x0000018a88673f00 DEOPT PACKING pc=0x0000018a34da939c sp=0x00000084565fe2d0
Event: 190.724 Thread 0x0000018a88673f00 DEOPT UNPACKING pc=0x0000018a33c03aa2 sp=0x00000084565fe288 mode 2
Event: 190.731 Thread 0x0000018a88673f00 Uncommon trap: trap_request=0xffffffde fr.pc=0x0000018a34da939c relative=0x000000000000059c
Event: 190.731 Thread 0x0000018a88673f00 Uncommon trap: reason=class_check action=maybe_recompile pc=0x0000018a34da939c method=org.eclipse.jdt.internal.core.JavaProject.equals(Ljava/lang/Object;)Z @ 8 c2
Event: 190.731 Thread 0x0000018a88673f00 DEOPT PACKING pc=0x0000018a34da939c sp=0x00000084565fe2d0
Event: 190.731 Thread 0x0000018a88673f00 DEOPT UNPACKING pc=0x0000018a33c03aa2 sp=0x00000084565fe288 mode 2
Event: 191.048 Thread 0x0000018a88673f00 DEOPT PACKING pc=0x0000018a2dc1e6db sp=0x00000084565fdd60
Event: 191.048 Thread 0x0000018a88673f00 DEOPT UNPACKING pc=0x0000018a33c04242 sp=0x00000084565fd280 mode 0

Classes loaded (20 events):
Event: 138.782 Loading class java/util/concurrent/CompletableFuture$UniAccept
Event: 138.783 Loading class java/util/concurrent/CompletableFuture$UniAccept done
Event: 138.787 Loading class java/util/concurrent/CompletableFuture$UniExceptionally
Event: 138.787 Loading class java/util/concurrent/CompletableFuture$UniExceptionally done
Event: 145.177 Loading class java/util/stream/ReduceOps$4
Event: 145.177 Loading class java/util/stream/ReduceOps$4 done
Event: 145.177 Loading class java/util/stream/ReduceOps$4ReducingSink
Event: 145.178 Loading class java/util/stream/ReduceOps$4ReducingSink done
Event: 156.029 Loading class sun/nio/cs/ISO_8859_1$Decoder
Event: 156.030 Loading class sun/nio/cs/ISO_8859_1$Decoder done
Event: 160.108 Loading class java/lang/invoke/MethodHandleImpl$CountingWrapper$1
Event: 160.109 Loading class java/lang/invoke/MethodHandleImpl$CountingWrapper$1 done
Event: 162.512 Loading class java/util/AbstractList$RandomAccessSubList
Event: 162.521 Loading class java/util/AbstractList$SubList
Event: 162.521 Loading class java/util/AbstractList$SubList done
Event: 162.521 Loading class java/util/AbstractList$RandomAccessSubList done
Event: 162.522 Loading class java/util/AbstractList$SubList$1
Event: 162.522 Loading class java/util/AbstractList$SubList$1 done
Event: 163.077 Loading class java/util/HashMap$EntrySpliterator
Event: 163.100 Loading class java/util/HashMap$EntrySpliterator done

Classes unloaded (7 events):
Event: 16.025 Thread 0x0000018a2951e950 Unloading class 0x0000018a411acc00 'java/lang/invoke/LambdaForm$MH+0x0000018a411acc00'
Event: 16.025 Thread 0x0000018a2951e950 Unloading class 0x0000018a411ac800 'java/lang/invoke/LambdaForm$MH+0x0000018a411ac800'
Event: 16.025 Thread 0x0000018a2951e950 Unloading class 0x0000018a411ac400 'java/lang/invoke/LambdaForm$MH+0x0000018a411ac400'
Event: 16.025 Thread 0x0000018a2951e950 Unloading class 0x0000018a411ac000 'java/lang/invoke/LambdaForm$MH+0x0000018a411ac000'
Event: 16.025 Thread 0x0000018a2951e950 Unloading class 0x0000018a411abc00 'java/lang/invoke/LambdaForm$BMH+0x0000018a411abc00'
Event: 16.025 Thread 0x0000018a2951e950 Unloading class 0x0000018a411ab800 'java/lang/invoke/LambdaForm$DMH+0x0000018a411ab800'
Event: 16.025 Thread 0x0000018a2951e950 Unloading class 0x0000018a411aa400 'java/lang/invoke/LambdaForm$DMH+0x0000018a411aa400'

Classes redefined (0 events):
No events

Internal exceptions (20 events):
Event: 162.596 Thread 0x0000018a88c7c330 Exception <a 'sun/nio/fs/WindowsException'{0x00000000d5683660}> (0x00000000d5683660) 
thrown [s\src\hotspot\share\prims\jni.cpp, line 520]
Event: 162.599 Thread 0x0000018a88c7c330 Exception <a 'sun/nio/fs/WindowsException'{0x00000000d568b688}> (0x00000000d568b688) 
thrown [s\src\hotspot\share\prims\jni.cpp, line 520]
Event: 162.601 Thread 0x0000018a88c7c330 Exception <a 'sun/nio/fs/WindowsException'{0x00000000d56aa000}> (0x00000000d56aa000) 
thrown [s\src\hotspot\share\prims\jni.cpp, line 520]
Event: 162.602 Thread 0x0000018a88c7c330 Exception <a 'sun/nio/fs/WindowsException'{0x00000000d56aba58}> (0x00000000d56aba58) 
thrown [s\src\hotspot\share\prims\jni.cpp, line 520]
Event: 162.602 Thread 0x0000018a88c7c330 Exception <a 'sun/nio/fs/WindowsException'{0x00000000d56ac580}> (0x00000000d56ac580) 
thrown [s\src\hotspot\share\prims\jni.cpp, line 520]
Event: 162.603 Thread 0x0000018a88c7c330 Exception <a 'sun/nio/fs/WindowsException'{0x00000000d56add88}> (0x00000000d56add88) 
thrown [s\src\hotspot\share\prims\jni.cpp, line 520]
Event: 162.603 Thread 0x0000018a88c7c330 Exception <a 'sun/nio/fs/WindowsException'{0x00000000d56aeb20}> (0x00000000d56aeb20) 
thrown [s\src\hotspot\share\prims\jni.cpp, line 520]
Event: 162.603 Thread 0x0000018a82957650 Implicit null exception at 0x0000018a34be88c9 to 0x0000018a34be8e4c
Event: 162.647 Thread 0x0000018a88c7c330 Exception <a 'sun/nio/fs/WindowsException'{0x00000000d576bf20}> (0x00000000d576bf20) 
thrown [s\src\hotspot\share\prims\jni.cpp, line 520]
Event: 162.648 Thread 0x0000018a88c7c330 Exception <a 'sun/nio/fs/WindowsException'{0x00000000d576d030}> (0x00000000d576d030) 
thrown [s\src\hotspot\share\prims\jni.cpp, line 520]
Event: 162.649 Thread 0x0000018a88c7c330 Exception <a 'sun/nio/fs/WindowsException'{0x00000000d576e858}> (0x00000000d576e858) 
thrown [s\src\hotspot\share\prims\jni.cpp, line 520]
Event: 162.649 Thread 0x0000018a88c7c330 Exception <a 'sun/nio/fs/WindowsException'{0x00000000d576f390}> (0x00000000d576f390) 
thrown [s\src\hotspot\share\prims\jni.cpp, line 520]
Event: 162.650 Thread 0x0000018a88c7c330 Exception <a 'sun/nio/fs/WindowsException'{0x00000000d5770bc0}> (0x00000000d5770bc0) 
thrown [s\src\hotspot\share\prims\jni.cpp, line 520]
Event: 162.651 Thread 0x0000018a88c7c330 Exception <a 'sun/nio/fs/WindowsException'{0x00000000d5771950}> (0x00000000d5771950) 
thrown [s\src\hotspot\share\prims\jni.cpp, line 520]
Event: 162.653 Thread 0x0000018a88c7c330 Exception <a 'sun/nio/fs/WindowsException'{0x00000000d5773340}> (0x00000000d5773340) 
thrown [s\src\hotspot\share\prims\jni.cpp, line 520]
Event: 162.654 Thread 0x0000018a88c7c330 Exception <a 'sun/nio/fs/WindowsException'{0x00000000d57740c0}> (0x00000000d57740c0) 
thrown [s\src\hotspot\share\prims\jni.cpp, line 520]
Event: 162.655 Thread 0x0000018a88c7c330 Exception <a 'sun/nio/fs/WindowsException'{0x00000000d5788778}> (0x00000000d5788778) 
thrown [s\src\hotspot\share\prims\jni.cpp, line 520]
Event: 162.655 Thread 0x0000018a88c7c330 Exception <a 'sun/nio/fs/WindowsException'{0x00000000d578d730}> (0x00000000d578d730) 
thrown [s\src\hotspot\share\prims\jni.cpp, line 520]
Event: 164.506 Thread 0x0000018a82958370 Exception <a 'java/lang/NoSuchMethodError'{0x00000000d5633208}: 'java.lang.Object java.lang.invoke.DirectMethodHandle$Holder.invokeStatic(java.lang.Object, java.lang.Object, int, java.lang.Object)'> (0x00000000d5633208) 
thrown [s\src\hotspot\share\interpreter\linkResolver.cpp, line 773]
Event: 164.507 Thread 0x0000018a82958370 Exception <a 'java/lang/NoSuchMethodError'{0x00000000d5639bf8}: 'java.lang.Object java.lang.invoke.DirectMethodHandle$Holder.newInvokeSpecial(java.lang.Object, java.lang.Object, int)'> (0x00000000d5639bf8) 
thrown [s\src\hotspot\share\interpreter\linkResolver.cpp, line 773]

ZGC Phase Switch (0 events):
No events

VM Operations (20 events):
Event: 190.683 Executing safepoint VM operation: Cleanup
Event: 190.683 Executing safepoint VM operation: Cleanup done
Event: 191.292 Executing safepoint VM operation: ParallelGCFailedAllocation (Allocation Failure)
Event: 191.294 Executing safepoint VM operation: ParallelGCFailedAllocation (Allocation Failure) done
Event: 192.298 Executing safepoint VM operation: Cleanup
Event: 192.298 Executing safepoint VM operation: Cleanup done
Event: 194.316 Executing safepoint VM operation: Cleanup
Event: 194.316 Executing safepoint VM operation: Cleanup done
Event: 296.953 Executing safepoint VM operation: Cleanup
Event: 296.961 Executing safepoint VM operation: Cleanup done
Event: 361.804 Executing non-safepoint VM operation: HandshakeAllThreads (HandshakeForDeflation)
Event: 361.804 Executing non-safepoint VM operation: HandshakeAllThreads (HandshakeForDeflation) done
Event: 361.808 Executing non-safepoint VM operation: RendezvousGCThreads
Event: 361.808 Executing non-safepoint VM operation: RendezvousGCThreads done
Event: 380.953 Executing safepoint VM operation: Cleanup
Event: 380.973 Executing safepoint VM operation: Cleanup done
Event: 421.248 Executing non-safepoint VM operation: HandshakeAllThreads (HandshakeForDeflation)
Event: 421.248 Executing non-safepoint VM operation: HandshakeAllThreads (HandshakeForDeflation) done
Event: 421.248 Executing non-safepoint VM operation: RendezvousGCThreads
Event: 421.248 Executing non-safepoint VM operation: RendezvousGCThreads done

Memory protections (0 events):
No events

Nmethod flushes (20 events):
Event: 145.456 Thread 0x0000018a2951e950 flushing  nmethod 0x0000018a2cfe5c10
Event: 145.456 Thread 0x0000018a2951e950 flushing  nmethod 0x0000018a2cfe6c10
Event: 145.456 Thread 0x0000018a2951e950 flushing  nmethod 0x0000018a2cfe7010
Event: 145.457 Thread 0x0000018a2951e950 flushing  nmethod 0x0000018a2cfedf10
Event: 145.457 Thread 0x0000018a2951e950 flushing  nmethod 0x0000018a2cfef390
Event: 145.457 Thread 0x0000018a2951e950 flushing  nmethod 0x0000018a2cff7410
Event: 145.457 Thread 0x0000018a2951e950 flushing  nmethod 0x0000018a2cff7890
Event: 145.457 Thread 0x0000018a2951e950 flushing  nmethod 0x0000018a2cff7e10
Event: 145.457 Thread 0x0000018a2951e950 flushing  nmethod 0x0000018a2cff8210
Event: 145.457 Thread 0x0000018a2951e950 flushing  nmethod 0x0000018a2cff9c10
Event: 145.457 Thread 0x0000018a2951e950 flushing  nmethod 0x0000018a2cffa010
Event: 145.457 Thread 0x0000018a2951e950 flushing  nmethod 0x0000018a2cffa490
Event: 145.457 Thread 0x0000018a2951e950 flushing  nmethod 0x0000018a2cffaa90
Event: 145.457 Thread 0x0000018a2951e950 flushing  nmethod 0x0000018a2d009a90
Event: 145.457 Thread 0x0000018a2951e950 flushing  nmethod 0x0000018a2d00a190
Event: 145.457 Thread 0x0000018a2951e950 flushing  nmethod 0x0000018a2d00a790
Event: 145.457 Thread 0x0000018a2951e950 flushing  nmethod 0x0000018a2d00b010
Event: 145.457 Thread 0x0000018a2951e950 flushing  nmethod 0x0000018a2d00de90
Event: 145.457 Thread 0x0000018a2951e950 flushing  nmethod 0x0000018a2d027710
Event: 145.457 Thread 0x0000018a2951e950 flushing  nmethod 0x0000018a2d0d1310

Events (20 events):
Event: 154.056 Thread 0x0000018a82958370 Thread added: 0x0000018a8a8f2820
Event: 154.059 Thread 0x0000018a82958370 Thread added: 0x0000018a8a8f48f0
Event: 154.062 Thread 0x0000018a82958370 Thread added: 0x0000018a8a8f1470
Event: 154.080 Thread 0x0000018a8269bb20 Thread added: 0x0000018a8989ae00
Event: 157.277 Thread 0x0000018a8a8f1470 Thread exited: 0x0000018a8a8f1470
Event: 157.277 Thread 0x0000018a8a8f3bd0 Thread exited: 0x0000018a8a8f3bd0
Event: 157.278 Thread 0x0000018a8a8f2820 Thread exited: 0x0000018a8a8f2820
Event: 157.278 Thread 0x0000018a8a8f2190 Thread exited: 0x0000018a8a8f2190
Event: 157.293 Thread 0x0000018a8a8f48f0 Thread exited: 0x0000018a8a8f48f0
Event: 162.483 Thread 0x0000018a8989ae00 Thread exited: 0x0000018a8989ae00
Event: 162.612 Thread 0x0000018a8269bb20 Thread added: 0x0000018a8989a730
Event: 163.189 Thread 0x0000018a8989a730 Thread exited: 0x0000018a8989a730
Event: 163.520 Thread 0x0000018a8989bba0 Thread exited: 0x0000018a8989bba0
Event: 224.424 Thread 0x0000018a82957ce0 Thread exited: 0x0000018a82957ce0
Event: 224.492 Thread 0x0000018a82959db0 Thread exited: 0x0000018a82959db0
Event: 224.968 Thread 0x0000018a88c7c330 Thread exited: 0x0000018a88c7c330
Event: 284.427 Thread 0x0000018a82957650 Thread exited: 0x0000018a82957650
Event: 344.450 Thread 0x0000018a88c7d6e0 Thread exited: 0x0000018a88c7d6e0
Event: 404.491 Thread 0x0000018a88c7bca0 Thread exited: 0x0000018a88c7bca0
Event: 464.477 Thread 0x0000018a88c7af80 Thread exited: 0x0000018a88c7af80


Dynamic libraries:
0x00007ff72a3e0000 - 0x00007ff72a3ee000 	c:\Users\user\.antigravity\extensions\redhat.java-1.53.0-win32-x64\jre\21.0.10-win32-x86_64\bin\java.exe
0x00007ffd0a260000 - 0x00007ffd0a4c8000 	C:\WINDOWS\SYSTEM32\ntdll.dll
0x00007ffd09850000 - 0x00007ffd09919000 	C:\WINDOWS\System32\KERNEL32.DLL
0x00007ffd07c00000 - 0x00007ffd07ff8000 	C:\WINDOWS\System32\KERNELBASE.dll
0x00007ffd07940000 - 0x00007ffd07a8b000 	C:\WINDOWS\System32\ucrtbase.dll
0x00007ffcf86f0000 - 0x00007ffcf870e000 	c:\Users\user\.antigravity\extensions\redhat.java-1.53.0-win32-x64\jre\21.0.10-win32-x86_64\bin\VCRUNTIME140.dll
0x00007ffcf0390000 - 0x00007ffcf03a8000 	c:\Users\user\.antigravity\extensions\redhat.java-1.53.0-win32-x64\jre\21.0.10-win32-x86_64\bin\jli.dll
0x00007ffd08830000 - 0x00007ffd089f7000 	C:\WINDOWS\System32\USER32.dll
0x00007ffd07a90000 - 0x00007ffd07ab7000 	C:\WINDOWS\System32\win32u.dll
0x00007ffd085d0000 - 0x00007ffd085fb000 	C:\WINDOWS\System32\GDI32.dll
0x00007ffce7980000 - 0x00007ffce7c14000 	C:\WINDOWS\WinSxS\amd64_microsoft.windows.common-controls_6595b64144ccf1df_6.0.26100.7019_none_3e06ffa0e335b8a8\COMCTL32.dll
0x00007ffd073b0000 - 0x00007ffd074dc000 	C:\WINDOWS\System32\gdi32full.dll
0x00007ffd09ff0000 - 0x00007ffd0a099000 	C:\WINDOWS\System32\msvcrt.dll
0x00007ffd07650000 - 0x00007ffd076f3000 	C:\WINDOWS\System32\msvcp_win.dll
0x00007ffd08580000 - 0x00007ffd085b1000 	C:\WINDOWS\System32\IMM32.DLL
0x00007ffcfa7b0000 - 0x00007ffcfa7bc000 	c:\Users\user\.antigravity\extensions\redhat.java-1.53.0-win32-x64\jre\21.0.10-win32-x86_64\bin\vcruntime140_1.dll
0x00007ffc923e0000 - 0x00007ffc9246d000 	c:\Users\user\.antigravity\extensions\redhat.java-1.53.0-win32-x64\jre\21.0.10-win32-x86_64\bin\msvcp140.dll
0x00007ffc3d220000 - 0x00007ffc3dfc1000 	c:\Users\user\.antigravity\extensions\redhat.java-1.53.0-win32-x64\jre\21.0.10-win32-x86_64\bin\server\jvm.dll
0x00007ffd084c0000 - 0x00007ffd08574000 	C:\WINDOWS\System32\ADVAPI32.dll
0x00007ffd0a0f0000 - 0x00007ffd0a196000 	C:\WINDOWS\System32\sechost.dll
0x00007ffd083a0000 - 0x00007ffd084b8000 	C:\WINDOWS\System32\RPCRT4.dll
0x00007ffd0a1a0000 - 0x00007ffd0a214000 	C:\WINDOWS\System32\WS2_32.dll
0x00007ffd07210000 - 0x00007ffd0726e000 	C:\WINDOWS\SYSTEM32\POWRPROF.dll
0x00007ffceff20000 - 0x00007ffceff55000 	C:\WINDOWS\SYSTEM32\WINMM.dll
0x00007ffcf97b0000 - 0x00007ffcf97bb000 	C:\WINDOWS\SYSTEM32\VERSION.dll
0x00007ffd071f0000 - 0x00007ffd07204000 	C:\WINDOWS\SYSTEM32\UMPDC.dll
0x00007ffd06170000 - 0x00007ffd0618b000 	C:\WINDOWS\SYSTEM32\kernel.appcore.dll
0x00007ffcfa0d0000 - 0x00007ffcfa0da000 	c:\Users\user\.antigravity\extensions\redhat.java-1.53.0-win32-x64\jre\21.0.10-win32-x86_64\bin\jimage.dll
0x00007ffd04a70000 - 0x00007ffd04cb2000 	C:\WINDOWS\SYSTEM32\DBGHELP.DLL
0x00007ffd094c0000 - 0x00007ffd0984b000 	C:\WINDOWS\System32\combase.dll
0x00007ffd08b10000 - 0x00007ffd08be7000 	C:\WINDOWS\System32\OLEAUT32.dll
0x00007ffce71c0000 - 0x00007ffce71fc000 	C:\WINDOWS\SYSTEM32\dbgcore.DLL
0x00007ffd07ac0000 - 0x00007ffd07b65000 	C:\WINDOWS\System32\bcryptPrimitives.dll
0x00007ffcfa040000 - 0x00007ffcfa04f000 	c:\Users\user\.antigravity\extensions\redhat.java-1.53.0-win32-x64\jre\21.0.10-win32-x86_64\bin\instrument.dll
0x00007ffcef650000 - 0x00007ffcef670000 	c:\Users\user\.antigravity\extensions\redhat.java-1.53.0-win32-x64\jre\21.0.10-win32-x86_64\bin\java.dll
0x00007ffd08bf0000 - 0x00007ffd09341000 	C:\WINDOWS\System32\SHELL32.dll
0x00007ffd074e0000 - 0x00007ffd0764b000 	C:\WINDOWS\System32\wintypes.dll
0x00007ffd05010000 - 0x00007ffd0586d000 	C:\WINDOWS\SYSTEM32\windows.storage.dll
0x00007ffd09ef0000 - 0x00007ffd09fe2000 	C:\WINDOWS\System32\SHCORE.dll
0x00007ffd08000000 - 0x00007ffd08067000 	C:\WINDOWS\System32\shlwapi.dll
0x00007ffd072d0000 - 0x00007ffd072f9000 	C:\WINDOWS\SYSTEM32\profapi.dll
0x00007ffcef3e0000 - 0x00007ffcef3f8000 	c:\Users\user\.antigravity\extensions\redhat.java-1.53.0-win32-x64\jre\21.0.10-win32-x86_64\bin\zip.dll
0x00007ffcf0400000 - 0x00007ffcf0410000 	C:\Users\user\.antigravity\extensions\redhat.java-1.53.0-win32-x64\jre\21.0.10-win32-x86_64\bin\net.dll
0x00007ffcf97f0000 - 0x00007ffcf9918000 	C:\WINDOWS\SYSTEM32\WINHTTP.dll
0x00007ffd066e0000 - 0x00007ffd0674b000 	C:\WINDOWS\system32\mswsock.dll
0x00007ffceda80000 - 0x00007ffceda96000 	C:\Users\user\.antigravity\extensions\redhat.java-1.53.0-win32-x64\jre\21.0.10-win32-x86_64\bin\nio.dll
0x00007ffcf0230000 - 0x00007ffcf0240000 	c:\Users\user\.antigravity\extensions\redhat.java-1.53.0-win32-x64\jre\21.0.10-win32-x86_64\bin\verify.dll
0x00007ffca2d90000 - 0x00007ffca2dd5000 	C:\Users\user\AppData\Roaming\Antigravity\User\globalStorage\redhat.java\1.53.0\config_win\org.eclipse.equinox.launcher\org.eclipse.equinox.launcher.win32.win32.x86_64_1.3.0.v20260203-2149\eclipse_11919.dll
0x00007ffd08690000 - 0x00007ffd08827000 	C:\WINDOWS\System32\ole32.dll
0x00007ffd069b0000 - 0x00007ffd069cb000 	C:\WINDOWS\SYSTEM32\CRYPTSP.dll
0x00007ffd060d0000 - 0x00007ffd0610a000 	C:\WINDOWS\system32\rsaenh.dll
0x00007ffd06790000 - 0x00007ffd067bb000 	C:\WINDOWS\SYSTEM32\USERENV.dll
0x00007ffd072a0000 - 0x00007ffd072ca000 	C:\WINDOWS\SYSTEM32\bcrypt.dll
0x00007ffd069a0000 - 0x00007ffd069ac000 	C:\WINDOWS\SYSTEM32\CRYPTBASE.dll
0x00007ffd05c30000 - 0x00007ffd05c64000 	C:\WINDOWS\SYSTEM32\IPHLPAPI.DLL
0x00007ffd085c0000 - 0x00007ffd085ca000 	C:\WINDOWS\System32\NSI.dll
0x00007ffc91c20000 - 0x00007ffc91c69000 	C:\Users\user\AppData\Local\Temp\jna-3599307\jna16334234906049715147.dll
0x00007ffd09ee0000 - 0x00007ffd09ee8000 	C:\WINDOWS\System32\PSAPI.DLL
0x00007ffcf97c0000 - 0x00007ffcf97de000 	C:\WINDOWS\SYSTEM32\dhcpcsvc6.DLL
0x00007ffcf9780000 - 0x00007ffcf97a3000 	C:\WINDOWS\SYSTEM32\dhcpcsvc.DLL

JVMTI agents:
c:\Users\user\.antigravity\extensions\redhat.java-1.53.0-win32-x64\lombok\lombok-1.18.39-4050.jar path:c:\Users\user\.antigravity\extensions\redhat.java-1.53.0-win32-x64\jre\21.0.10-win32-x86_64\bin\instrument.dll, loaded, initialized, instrumentlib options:none

dbghelp: loaded successfully - version: 4.0.5 - missing functions: none
symbol engine: initialized successfully - sym options: 0x614 - pdb path: .;c:\Users\user\.antigravity\extensions\redhat.java-1.53.0-win32-x64\jre\21.0.10-win32-x86_64\bin;C:\WINDOWS\SYSTEM32;C:\WINDOWS\WinSxS\amd64_microsoft.windows.common-controls_6595b64144ccf1df_6.0.26100.7019_none_3e06ffa0e335b8a8;c:\Users\user\.antigravity\extensions\redhat.java-1.53.0-win32-x64\jre\21.0.10-win32-x86_64\bin\server;C:\Users\user\AppData\Roaming\Antigravity\User\globalStorage\redhat.java\1.53.0\config_win\org.eclipse.equinox.launcher\org.eclipse.equinox.launcher.win32.win32.x86_64_1.3.0.v20260203-2149;C:\Users\user\AppData\Local\Temp\jna-3599307

VM Arguments:
jvm_args: --add-modules=ALL-SYSTEM --add-opens=java.base/java.util=ALL-UNNAMED --add-opens=java.base/java.lang=ALL-UNNAMED --add-opens=java.base/sun.nio.fs=ALL-UNNAMED -Declipse.application=org.eclipse.jdt.ls.core.id1 -Dosgi.bundles.defaultStartLevel=4 -Declipse.product=org.eclipse.jdt.ls.core.product -Djava.import.generatesMetadataFilesAtProjectRoot=false -DDetectVMInstallationsJob.disabled=true -Dfile.encoding=utf8 -XX:+UseParallelGC -XX:GCTimeRatio=4 -XX:AdaptiveSizePolicyWeight=90 -Dsun.zip.disableMemoryMapping=true -Xmx2G -Xms100m -Xlog:disable -javaagent:c:\Users\user\.antigravity\extensions\redhat.java-1.53.0-win32-x64\lombok\lombok-1.18.39-4050.jar -XX:+HeapDumpOnOutOfMemoryError -XX:HeapDumpPath=c:\Users\user\AppData\Roaming\Antigravity\User\workspaceStorage\022f5012e3a4bfd1a9f7a9dc4ff6804a\redhat.java -Daether.dependencyCollector.impl=bf 
java_command: c:\Users\user\.antigravity\extensions\redhat.java-1.53.0-win32-x64\server\plugins\org.eclipse.equinox.launcher_1.7.100.v20251111-0406.jar -configuration c:\Users\user\AppData\Roaming\Antigravity\User\globalStorage\redhat.java\1.53.0\config_win -data c:\Users\user\AppData\Roaming\Antigravity\User\workspaceStorage\022f5012e3a4bfd1a9f7a9dc4ff6804a\redhat.java\jdt_ws --pipe=\\.\pipe\lsp-4310079c715d631799dc15846a5457c8-sock
java_class_path (initial): c:\Users\user\.antigravity\extensions\redhat.java-1.53.0-win32-x64\server\plugins\org.eclipse.equinox.launcher_1.7.100.v20251111-0406.jar
Launcher Type: SUN_STANDARD

[Global flags]
    uintx AdaptiveSizePolicyWeight                 = 90                                        {product} {command line}
     intx CICompilerCount                          = 4                                         {product} {ergonomic}
    uintx GCTimeRatio                              = 4                                         {product} {command line}
     bool HeapDumpOnOutOfMemoryError               = true                                   {manageable} {command line}
    ccstr HeapDumpPath                             = c:\Users\user\AppData\Roaming\Antigravity\User\workspaceStorage\022f5012e3a4bfd1a9f7a9dc4ff6804a\redhat.java         {manageable} {command line}
   size_t InitialHeapSize                          = 104857600                                 {product} {command line}
   size_t MaxHeapSize                              = 2147483648                                {product} {command line}
   size_t MaxNewSize                               = 715653120                                 {product} {ergonomic}
   size_t MinHeapDeltaBytes                        = 524288                                    {product} {ergonomic}
   size_t MinHeapSize                              = 104857600                                 {product} {command line}
   size_t NewSize                                  = 34603008                                  {product} {ergonomic}
    uintx NonNMethodCodeHeapSize                   = 5839372                                {pd product} {ergonomic}
    uintx NonProfiledCodeHeapSize                  = 122909434                              {pd product} {ergonomic}
   size_t OldSize                                  = 70254592                                  {product} {ergonomic}
    uintx ProfiledCodeHeapSize                     = 122909434                              {pd product} {ergonomic}
    uintx ReservedCodeCacheSize                    = 251658240                              {pd product} {ergonomic}
     bool SegmentedCodeCache                       = true                                      {product} {ergonomic}
   size_t SoftMaxHeapSize                          = 2147483648                             {manageable} {ergonomic}
     bool UseCompressedOops                        = true                           {product lp64_product} {ergonomic}
     bool UseLargePagesIndividualAllocation        = false                                  {pd product} {ergonomic}
     bool UseParallelGC                            = true                                      {product} {command line}

Logging:
Log output configuration:
 #0: stdout all=off uptime,level,tags foldmultilines=false
 #1: stderr all=off uptime,level,tags foldmultilines=false

Release file:
JAVA_VERSION="21.0.10" 
MODULES="java.base java.compiler java.datatransfer java.xml java.prefs java.desktop java.instrument java.logging java.management java.security.sasl java.naming java.rmi java.management.rmi java.net.http java.scripting java.security.jgss java.transaction.xa java.sql java.sql.rowset java.xml.crypto java.se java.smartcardio jdk.accessibility jdk.internal.jvmstat jdk.attach jdk.charsets jdk.internal.opt jdk.zipfs jdk.compiler jdk.crypto.ec jdk.crypto.cryptoki jdk.crypto.mscapi jdk.dynalink jdk.internal.ed jdk.editpad jdk.hotspot.agent jdk.httpserver jdk.internal.le jdk.internal.vm.ci jdk.internal.vm.compiler jdk.internal.vm.compiler.management jdk.jartool jdk.javadoc jdk.jcmd jdk.management jdk.management.agent jdk.jconsole jdk.jdeps jdk.jdwp.agent jdk.jdi jdk.jfr jdk.jshell jdk.jsobject jdk.jstatd jdk.localedata jdk.management.jfr jdk.naming.dns jdk.naming.rmi jdk.net jdk.nio.mapmode jdk.random jdk.sctp jdk.security.auth jdk.security.jgss jdk.unsupported jdk.unsupported.desktop jdk.xml.dom" 

Environment Variables:
JAVA_HOME=C:\Java
PATH=C:\Program Files (x86)\NVIDIA Corporation\PhysX\Common;C:\Program Files\Common Files\Oracle\Java\javapath;C:\WINDOWS\system32;C:\WINDOWS;C:\WINDOWS\System32\Wbem;C:\WINDOWS\System32\WindowsPowerShell\v1.0\;C:\WINDOWS\System32\OpenSSH\;C:\Program Files\Git\cmd;C:\Java\bin;C:\Program Files\Microsoft SQL Server\150\Tools\Binn\;C:\Program Files\Microsoft SQL Server\Client SDK\ODBC\170\Tools\Binn\;C:\Program Files (x86)\Windows Kits\10\Windows Performance Toolkit\;C:\Program Files\dotnet\;C:\ProgramData\ComposerSetup\bin;C:\ProgramData\chocolatey\bin;C:\Program Files\nodejs\;C:\Users\user\.local\bin;C:\Program Files\MySQL\MySQL Shell 8.0\bin\;C:\Users\user\AppData\Local\Microsoft\WindowsApps;C:\Users\user\AppData\Local\Programs\Microsoft VS Code\bin;C:\Users\user\AppData\Local\Programs\Windsurf\bin;C:\Users\user\.dotnet\tools;C:\xampp\php;C:\Users\user\AppData\Local\ComposerSetup\bin;C:\Users\user\AppData\Roaming\Composer\vendor\bin;C:\Users\user\AppData\Roaming\npm;C:\Users\user\AppData\Local\Programs\Antigravity\bin
USERNAME=user
OS=Windows_NT
PROCESSOR_IDENTIFIER=Intel64 Family 6 Model 142 Stepping 12, GenuineIntel
TMP=C:\Users\user\AppData\Local\Temp
TEMP=C:\Users\user\AppData\Local\Temp




Periodic native trim disabled

---------------  S Y S T E M  ---------------

OS:
 Windows 11 , 64 bit Build 26100 (10.0.26100.7019)
OS uptime: 0 days 2:06 hours

CPU: total 8 (initial active 8) (4 cores per cpu, 2 threads per core) family 6 model 142 stepping 12 microcode 0x100, cx8, cmov, fxsr, ht, mmx, 3dnowpref, sse, sse2, sse3, ssse3, sse4.1, sse4.2, popcnt, lzcnt, tsc, tscinvbit, avx, avx2, aes, erms, clmul, bmi1, bmi2, adx, fma, vzeroupper, clflush, clflushopt, rdtscp, f16c
Processor Information for the first 8 processors :
  Max Mhz: 1896, Current Mhz: 1596, Mhz Limit: 1592

Memory: 4k page, system-wide physical 8006M (707M free)
TotalPageFile size 28793M (AvailPageFile size 98M)
current process WorkingSet (physical memory assigned to process): 11M, peak: 425M
current process commit charge ("private bytes"): 490M, peak: 548M

vm_info: OpenJDK 64-Bit Server VM (21.0.10+7-LTS) for windows-amd64 JRE (21.0.10+7-LTS), built on 2026-01-20T00:00:00Z by "admin" with MS VC++ 17.12 (VS2022)

END.
