#
# There is insufficient memory for the Java Runtime Environment to continue.
# Native memory allocation (malloc) failed to allocate 1048576 bytes. Error detail: AllocateHeap
# Possible reasons:
#   The system is out of physical RAM or swap space
#   This process is running with CompressedOops enabled, and the Java Heap may be blocking the growth of the native heap
# Possible solutions:
#   Reduce memory load on the system
#   Increase physical memory or swap space
#   Check if swap backing store is full
#   Decrease Java heap size (-Xmx/-Xms)
#   Decrease number of Java threads
#   Decrease Java thread stack sizes (-Xss)
#   Set larger code cache with -XX:ReservedCodeCacheSize=
#   JVM is running with Unscaled Compressed Oops mode in which the Java heap is
#     placed in the first 4GB address space. The Java Heap base address is the
#     maximum limit for the native heap growth. Please use -XX:HeapBaseMinAddress
#     to set the Java Heap base and to place the Java Heap above 4GB virtual address.
# This output file may be truncated or incomplete.
#
#  Out of Memory Error (allocation.cpp:44), pid=3540, tid=776
#
# JRE version: OpenJDK Runtime Environment Temurin-21.0.10+7 (21.0.10+7) (build 21.0.10+7-LTS)
# Java VM: OpenJDK 64-Bit Server VM Temurin-21.0.10+7 (21.0.10+7-LTS, mixed mode, sharing, tiered, compressed oops, compressed class ptrs, parallel gc, windows-amd64)
# No core dump will be written. Minidumps are not enabled by default on client versions of Windows
#

---------------  S U M M A R Y ------------

Command Line: --add-modules=ALL-SYSTEM --add-opens=java.base/java.util=ALL-UNNAMED --add-opens=java.base/java.lang=ALL-UNNAMED --add-opens=java.base/sun.nio.fs=ALL-UNNAMED -Declipse.application=org.eclipse.jdt.ls.core.id1 -Dosgi.bundles.defaultStartLevel=4 -Declipse.product=org.eclipse.jdt.ls.core.product -Djava.import.generatesMetadataFilesAtProjectRoot=false -DDetectVMInstallationsJob.disabled=true -Dfile.encoding=utf8 -XX:+UseParallelGC -XX:GCTimeRatio=4 -XX:AdaptiveSizePolicyWeight=90 -Dsun.zip.disableMemoryMapping=true -Xmx2G -Xms100m -Xlog:disable -javaagent:c:\Users\user\.antigravity\extensions\redhat.java-1.53.0-win32-x64\lombok\lombok-1.18.39-4050.jar -XX:+HeapDumpOnOutOfMemoryError -XX:HeapDumpPath=c:\Users\user\AppData\Roaming\Antigravity\User\workspaceStorage\022f5012e3a4bfd1a9f7a9dc4ff6804a\redhat.java -Daether.dependencyCollector.impl=bf c:\Users\user\.antigravity\extensions\redhat.java-1.53.0-win32-x64\server\plugins\org.eclipse.equinox.launcher_1.7.100.v20251111-0406.jar -configuration c:\Users\user\AppData\Roaming\Antigravity\User\globalStorage\redhat.java\1.53.0\config_win -data c:\Users\user\AppData\Roaming\Antigravity\User\workspaceStorage\022f5012e3a4bfd1a9f7a9dc4ff6804a\redhat.java\jdt_ws --pipe=\\.\pipe\lsp-3026e8c84d0970e43b62e05374d509e5-sock

Host: Intel(R) Core(TM) i5-8365U CPU @ 1.60GHz, 8 cores, 7G,  Windows 11 , 64 bit Build 26100 (10.0.26100.7019)
Time: Mon Apr 27 21:08:49 2026 E. Africa Standard Time elapsed time: 174583.029811 seconds (2d 0h 29m 43s)

---------------  T H R E A D  ---------------

Current thread (0x0000018f7e414ce0):  JavaThread "Attach Listener" daemon [_thread_in_vm, id=776, stack(0x00000039df900000,0x00000039dfa00000) (1024K)]

Stack: [0x00000039df900000,0x00000039dfa00000]
Native frames: (J=compiled Java code, j=interpreted, Vv=VM code, C=native code)
V  [jvm.dll+0x6d7a39]
V  [jvm.dll+0x8b4b26]
V  [jvm.dll+0x8b70de]
V  [jvm.dll+0x8b77c3]
V  [jvm.dll+0x284346]
V  [jvm.dll+0xc1277]
V  [jvm.dll+0x6d82e9]
V  [jvm.dll+0x1334a6]
V  [jvm.dll+0x3f857e]
V  [jvm.dll+0x85f59d]
V  [jvm.dll+0x6d626d]
C  [ucrtbase.dll+0x37b0]
C  [KERNEL32.DLL+0x2e8d7]
C  [ntdll.dll+0x8c53c]


---------------  P R O C E S S  ---------------

Threads class SMR info:
_java_thread_list=0x0000018f58d1e780, length=34, elements={
0x0000018f7a99b380, 0x0000018f7e40b470, 0x0000018f7e40e600, 0x0000018f7e411dc0,
0x0000018f7e414ce0, 0x0000018f7e417a60, 0x0000018f7e41ddc0, 0x0000018f7e426430,
0x0000018f7e427720, 0x0000018f58203c00, 0x0000018f581b5e50, 0x0000018f58915c70,
0x0000018f58957a60, 0x0000018f5881a370, 0x0000018f584df690, 0x0000018f586194d0,
0x0000018f58547e40, 0x0000018f58ec5e20, 0x0000018f58d97fa0, 0x0000018f58d96bf0,
0x0000018f58d97910, 0x0000018f5a7c1380, 0x0000018f5a7c3450, 0x0000018f5a7c20a0,
0x0000018f5a7c2dc0, 0x0000018f5a7c4800, 0x0000018f5a7c4170, 0x0000018f5a7c2730,
0x0000018f5a7c4e90, 0x0000018f5a7c1a10, 0x0000018f5a7c68d0, 0x0000018f5a7c5520,
0x0000018f5d50c2d0, 0x0000018f5d511820
}

Java Threads: ( => current thread )
  0x0000018f7a99b380 JavaThread "main"                              [_thread_blocked, id=15692, stack(0x00000039df200000,0x00000039df300000) (1024K)]
  0x0000018f7e40b470 JavaThread "Reference Handler"          daemon [_thread_blocked, id=16448, stack(0x00000039df600000,0x00000039df700000) (1024K)]
  0x0000018f7e40e600 JavaThread "Finalizer"                  daemon [_thread_blocked, id=1380, stack(0x00000039df700000,0x00000039df800000) (1024K)]
  0x0000018f7e411dc0 JavaThread "Signal Dispatcher"          daemon [_thread_blocked, id=20672, stack(0x00000039df800000,0x00000039df900000) (1024K)]
=>0x0000018f7e414ce0 JavaThread "Attach Listener"            daemon [_thread_in_vm, id=776, stack(0x00000039df900000,0x00000039dfa00000) (1024K)]
  0x0000018f7e417a60 JavaThread "Service Thread"             daemon [_thread_blocked, id=19556, stack(0x00000039dfa00000,0x00000039dfb00000) (1024K)]
  0x0000018f7e41ddc0 JavaThread "Monitor Deflation Thread"   daemon [_thread_blocked, id=4232, stack(0x00000039dfb00000,0x00000039dfc00000) (1024K)]
  0x0000018f7e426430 JavaThread "C2 CompilerThread0"         daemon [_thread_blocked, id=11732, stack(0x00000039dfc00000,0x00000039dfd00000) (1024K)]
  0x0000018f7e427720 JavaThread "C1 CompilerThread0"         daemon [_thread_blocked, id=7804, stack(0x00000039dfd00000,0x00000039dfe00000) (1024K)]
  0x0000018f58203c00 JavaThread "Common-Cleaner"             daemon [_thread_blocked, id=5356, stack(0x00000039dff00000,0x00000039e0000000) (1024K)]
  0x0000018f581b5e50 JavaThread "Notification Thread"        daemon [_thread_blocked, id=2688, stack(0x00000039dfe00000,0x00000039dff00000) (1024K)]
  0x0000018f58915c70 JavaThread "Active Thread: Equinox Container: 057e9860-53dc-422b-bc6a-f8ef274a3cb9"        [_thread_blocked, id=18848, stack(0x00000039e0700000,0x00000039e0800000) (1024K)]
  0x0000018f58957a60 JavaThread "Refresh Thread: Equinox Container: 057e9860-53dc-422b-bc6a-f8ef274a3cb9" daemon [_thread_blocked, id=14384, stack(0x00000039e0800000,0x00000039e0900000) (1024K)]
  0x0000018f5881a370 JavaThread "Framework Event Dispatcher: Equinox Container: 057e9860-53dc-422b-bc6a-f8ef274a3cb9" daemon [_thread_blocked, id=8232, stack(0x00000039e0900000,0x00000039e0a00000) (1024K)]
  0x0000018f584df690 JavaThread "Start Level: Equinox Container: 057e9860-53dc-422b-bc6a-f8ef274a3cb9" daemon [_thread_blocked, id=20036, stack(0x00000039e0a00000,0x00000039e0b00000) (1024K)]
  0x0000018f586194d0 JavaThread "Bundle File Closer"         daemon [_thread_blocked, id=19792, stack(0x00000039e0c00000,0x00000039e0d00000) (1024K)]
  0x0000018f58547e40 JavaThread "SCR Component Actor"        daemon [_thread_blocked, id=19756, stack(0x00000039df000000,0x00000039df100000) (1024K)]
  0x0000018f58ec5e20 JavaThread "Worker-JM"                         [_thread_blocked, id=12448, stack(0x00000039e0d00000,0x00000039e0e00000) (1024K)]
  0x0000018f58d97fa0 JavaThread "Java indexing"              daemon [_thread_blocked, id=2984, stack(0x00000039e1100000,0x00000039e1200000) (1024K)]
  0x0000018f58d96bf0 JavaThread "JNA Cleaner"                daemon [_thread_blocked, id=20840, stack(0x00000039e1400000,0x00000039e1500000) (1024K)]
  0x0000018f58d97910 JavaThread "Thread-1"                   daemon [_thread_in_native, id=15880, stack(0x00000039e1a00000,0x00000039e1b00000) (1024K)]
  0x0000018f5a7c1380 JavaThread "Thread-2"                   daemon [_thread_in_native, id=5656, stack(0x00000039e1b00000,0x00000039e1c00000) (1024K)]
  0x0000018f5a7c3450 JavaThread "Thread-3"                   daemon [_thread_in_native, id=6912, stack(0x00000039e1c00000,0x00000039e1d00000) (1024K)]
  0x0000018f5a7c20a0 JavaThread "Thread-4"                   daemon [_thread_in_native, id=20656, stack(0x00000039e1d00000,0x00000039e1e00000) (1024K)]
  0x0000018f5a7c2dc0 JavaThread "Thread-5"                   daemon [_thread_in_native, id=20052, stack(0x00000039e1e00000,0x00000039e1f00000) (1024K)]
  0x0000018f5a7c4800 JavaThread "Thread-6"                   daemon [_thread_in_native, id=21168, stack(0x00000039e1f00000,0x00000039e2000000) (1024K)]
  0x0000018f5a7c4170 JavaThread "Thread-7"                   daemon [_thread_in_native, id=20376, stack(0x00000039e2000000,0x00000039e2100000) (1024K)]
  0x0000018f5a7c2730 JavaThread "Thread-8"                   daemon [_thread_in_native, id=21012, stack(0x00000039e2100000,0x00000039e2200000) (1024K)]
  0x0000018f5a7c4e90 JavaThread "Thread-9"                   daemon [_thread_in_native, id=19668, stack(0x00000039e2200000,0x00000039e2300000) (1024K)]
  0x0000018f5a7c1a10 JavaThread "pool-2-thread-1"                   [_thread_blocked, id=4088, stack(0x00000039e2300000,0x00000039e2400000) (1024K)]
  0x0000018f5a7c68d0 JavaThread "WorkspaceEventsHandler"            [_thread_blocked, id=19592, stack(0x00000039e2500000,0x00000039e2600000) (1024K)]
  0x0000018f5a7c5520 JavaThread "pool-1-thread-1"                   [_thread_blocked, id=19072, stack(0x00000039e2600000,0x00000039e2700000) (1024K)]
  0x0000018f5d50c2d0 JavaThread "Worker-32"                         [_thread_blocked, id=15920, stack(0x00000039df100000,0x00000039df200000) (1024K)]
  0x0000018f5d511820 JavaThread "Worker-33"                         [_thread_blocked, id=13352, stack(0x00000039e1500000,0x00000039e1600000) (1024K)]
Total: 34

Other Threads:
  0x0000018f7aa5d1a0 VMThread "VM Thread"                           [id=16120, stack(0x00000039df500000,0x00000039df600000) (1024K)]
  0x0000018f7aa09e30 WatcherThread "VM Periodic Task Thread"        [id=18264, stack(0x00000039df400000,0x00000039df500000) (1024K)]
  0x0000018f7a9ba340 WorkerThread "GC Thread#0"                     [id=10260, stack(0x00000039df300000,0x00000039df400000) (1024K)]
  0x0000018f588a0b60 WorkerThread "GC Thread#1"                     [id=20440, stack(0x00000039e0100000,0x00000039e0200000) (1024K)]
  0x0000018f586bdc90 WorkerThread "GC Thread#2"                     [id=19944, stack(0x00000039e0200000,0x00000039e0300000) (1024K)]
  0x0000018f586be040 WorkerThread "GC Thread#3"                     [id=20172, stack(0x00000039e0300000,0x00000039e0400000) (1024K)]
  0x0000018f586d9690 WorkerThread "GC Thread#4"                     [id=3512, stack(0x00000039e0400000,0x00000039e0500000) (1024K)]
  0x0000018f58a61bf0 WorkerThread "GC Thread#5"                     [id=7248, stack(0x00000039e0500000,0x00000039e0600000) (1024K)]
  0x0000018f58a623a0 WorkerThread "GC Thread#6"                     [id=17944, stack(0x00000039e0600000,0x00000039e0700000) (1024K)]
  0x0000018f589c1f20 WorkerThread "GC Thread#7"                     [id=5088, stack(0x00000039e0000000,0x00000039e0100000) (1024K)]
Total: 10

Threads with active compile tasks:
Total: 0

VM state: not at safepoint (normal execution)

VM Mutex/Monitor currently owned by a thread: None

Heap address: 0x0000000080000000, size: 2048 MB, Compressed Oops mode: 32-bit

CDS archive(s) mapped at: [0x0000018f13000000-0x0000018f13ba0000-0x0000018f13ba0000), size 12189696, SharedBaseAddress: 0x0000018f13000000, ArchiveRelocationMode: 1.
Compressed class space mapped at: 0x0000018f14000000-0x0000018f54000000, reserved size: 1073741824
Narrow klass base: 0x0000018f13000000, Narrow klass shift: 0, Narrow klass range: 0x100000000

GC Precious Log:
 CardTable entry size: 512
 CPUs: 8 total, 8 available
 Memory: 8006M
 Large Page Support: Disabled
 NUMA Support: Disabled
 Compressed Oops: Enabled (32-bit)
 Alignments: Space 512K, Generation 512K, Heap 2M
 Heap Min Capacity: 100M
 Heap Initial Capacity: 100M
 Heap Max Capacity: 2G
 Pre-touch: Disabled
 Parallel Workers: 8

Heap:
 PSYoungGen      total 7168K, used 1369K [0x00000000d5580000, 0x00000000d5d00000, 0x0000000100000000)
  eden space 6144K, 19% used [0x00000000d5580000,0x00000000d56a6710,0x00000000d5b80000)
  from space 1024K, 18% used [0x00000000d5b80000,0x00000000d5bb0000,0x00000000d5c80000)
  to   space 512K, 0% used [0x00000000d5c80000,0x00000000d5c80000,0x00000000d5d00000)
 ParOldGen       total 1114624K, used 1001902K [0x0000000080000000, 0x00000000c4080000, 0x00000000d5580000)
  object space 1114624K, 89% used [0x0000000080000000,0x00000000bd26b810,0x00000000c4080000)
 Metaspace       used 86136K, committed 87808K, reserved 1179648K
  class space    used 8480K, committed 9344K, reserved 1048576K

Card table byte_map: [0x0000018f7a340000,0x0000018f7a750000] _byte_map_base: 0x0000018f79f40000

Marking Bits: (ParMarkBitMap*) 0x00007ffbf2853450
 Begin Bits: [0x0000018f0f000000, 0x0000018f11000000)
 End Bits:   [0x0000018f11000000, 0x0000018f13000000)

Polling page: 0x0000018f78830000

Metaspace:

Usage:
  Non-class:     75.84 MB used.
      Class:      8.28 MB used.
       Both:     84.12 MB used.

Virtual space:
  Non-class space:      128.00 MB reserved,      76.62 MB ( 60%) committed,  2 nodes.
      Class space:        1.00 GB reserved,       9.12 MB ( <1%) committed,  1 nodes.
             Both:        1.12 GB reserved,      85.75 MB (  7%) committed. 

Chunk freelists:
   Non-Class:  2.29 MB
       Class:  6.93 MB
        Both:  9.22 MB

MaxMetaspaceSize: unlimited
CompressedClassSpaceSize: 1.00 GB
Initial GC threshold: 21.00 MB
Current GC threshold: 141.06 MB
CDS: on
 - commit_granule_bytes: 65536.
 - commit_granule_words: 8192.
 - virtual_space_node_default_size: 8388608.
 - enlarge_chunks_in_place: 1.
 - use_allocation_guard: 0.


Internal statistics:

num_allocs_failed_limit: 13.
num_arena_births: 1780.
num_arena_deaths: 578.
num_vsnodes_births: 3.
num_vsnodes_deaths: 0.
num_space_committed: 1390.
num_space_uncommitted: 14.
num_chunks_returned_to_freelist: 791.
num_chunks_taken_from_freelist: 6186.
num_chunk_merges: 231.
num_chunk_splits: 3520.
num_chunks_enlarged: 1925.
num_inconsistent_stats: 0.

CodeHeap 'non-profiled nmethods': size=120000Kb used=22987Kb max_used=22987Kb free=97012Kb
 bounds [0x0000018f07ad0000, 0x0000018f09150000, 0x0000018f0f000000]
CodeHeap 'profiled nmethods': size=120000Kb used=49986Kb max_used=54714Kb free=70013Kb
 bounds [0x0000018f00000000, 0x0000018f03570000, 0x0000018f07530000]
CodeHeap 'non-nmethods': size=5760Kb used=1508Kb max_used=1762Kb free=4251Kb
 bounds [0x0000018f07530000, 0x0000018f077a0000, 0x0000018f07ad0000]
CodeCache: size=245760Kb, used=74481Kb, max_used=79463Kb, free=171276Kb
 total_blobs=21330, nmethods=20501, adapters=729, full_count=0
Compilation: enabled, stopped_count=0, restarted_count=0

Compilation events (20 events):
Event: 172408.750 Thread 0x0000018f5cc02080 nmethod 25339 0x0000018f0912be10 code [0x0000018f0912bfa0, 0x0000018f0912c090]
Event: 172408.750 Thread 0x0000018f5cc02080 25337       4       org.eclipse.jdt.internal.compiler.ast.AbstractMethodDeclaration::isAbstract (30 bytes)
Event: 172408.751 Thread 0x0000018f5cc02080 nmethod 25337 0x0000018f0912c190 code [0x0000018f0912c320, 0x0000018f0912c3e8]
Event: 172409.990 Thread 0x0000018f7e426430 nmethod 25306% 0x0000018f0912c490 code [0x0000018f0912ce00, 0x0000018f09136ea0]
Event: 172433.284 Thread 0x0000018f7e427720 25347       3       java.util.logging.LogManager$LoggerContext::ensureDefaultLogger (71 bytes)
Event: 172433.304 Thread 0x0000018f7e427720 nmethod 25347 0x0000018f01940390 code [0x0000018f019405a0, 0x0000018f01940d10]
Event: 172585.608 Thread 0x0000018f7e427720 25348       3       org.eclipse.core.internal.events.ResourceChangeListenerList::removing (100 bytes)
Event: 172585.618 Thread 0x0000018f7e427720 nmethod 25348 0x0000018f00bf8010 code [0x0000018f00bf81c0, 0x0000018f00bf8458]
Event: 172585.646 Thread 0x0000018f7e427720 25349   !   3       org.eclipse.core.internal.resources.Resource::isFiltered (9 bytes)
Event: 172585.697 Thread 0x0000018f7e427720 nmethod 25349 0x0000018f01f27890 code [0x0000018f01f27a40, 0x0000018f01f27c58]
Event: 172585.698 Thread 0x0000018f7e427720 25350       3       java.util.concurrent.ConcurrentHashMap$KeySetView::remove (17 bytes)
Event: 172585.733 Thread 0x0000018f7e427720 nmethod 25350 0x0000018f01df5d10 code [0x0000018f01df5ec0, 0x0000018f01df6150]
Event: 172904.183 Thread 0x0000018f7e426430 25351       4       org.eclipse.jdt.ls.core.internal.ParentProcessWatcher::run (83 bytes)
Event: 172904.288 Thread 0x0000018f7e426430 nmethod 25351 0x0000018f0913c910 code [0x0000018f0913cac0, 0x0000018f0913ccb0]
Event: 173294.618 Thread 0x0000018f7e426430 25352       4       java.util.concurrent.ScheduledThreadPoolExecutor$DelayedWorkQueue::take (5 bytes)
Event: 173294.828 Thread 0x0000018f7e426430 nmethod 25352 0x0000018f0913cf10 code [0x0000018f0913d180, 0x0000018f0913d9d8]
Event: 173294.829 Thread 0x0000018f7e426430 25353   !   4       java.util.concurrent.ScheduledThreadPoolExecutor$DelayedWorkQueue::take (203 bytes)
Event: 173294.844 Thread 0x0000018f7e426430 nmethod 25353 0x0000018f0913e310 code [0x0000018f0913e580, 0x0000018f0913edd8]
Event: 174087.139 Thread 0x0000018f7e426430 25354       4       org.eclipse.core.internal.dtree.AbstractDataTreeNode::storeStrings (42 bytes)
Event: 174087.372 Thread 0x0000018f7e426430 nmethod 25354 0x0000018f0913f710 code [0x0000018f0913fb00, 0x0000018f09141930]

GC Heap History (20 events):
Event: 172405.898 GC heap before
{Heap before GC invocations=2451 (full 5):
 PSYoungGen      total 6656K, used 6655K [0x00000000d5580000, 0x00000000d5f80000, 0x0000000100000000)
  eden space 6144K, 99% used [0x00000000d5580000,0x00000000d5b7fff8,0x00000000d5b80000)
  from space 512K, 99% used [0x00000000d5c80000,0x00000000d5cffe60,0x00000000d5d00000)
  to   space 2048K, 0% used [0x00000000d5d80000,0x00000000d5d80000,0x00000000d5f80000)
 ParOldGen       total 1114624K, used 1000287K [0x0000000080000000, 0x00000000c4080000, 0x00000000d5580000)
  object space 1114624K, 89% used [0x0000000080000000,0x00000000bd0d7cb8,0x00000000c4080000)
 Metaspace       used 86101K, committed 87808K, reserved 1179648K
  class space    used 8480K, committed 9344K, reserved 1048576K
}
Event: 172406.126 GC heap after
{Heap after GC invocations=2451 (full 5):
 PSYoungGen      total 6656K, used 448K [0x00000000d5580000, 0x00000000d5e00000, 0x0000000100000000)
  eden space 6144K, 0% used [0x00000000d5580000,0x00000000d5580000,0x00000000d5b80000)
  from space 512K, 87% used [0x00000000d5d80000,0x00000000d5df0000,0x00000000d5e00000)
  to   space 1024K, 0% used [0x00000000d5c00000,0x00000000d5c00000,0x00000000d5d00000)
 ParOldGen       total 1114624K, used 1000660K [0x0000000080000000, 0x00000000c4080000, 0x00000000d5580000)
  object space 1114624K, 89% used [0x0000000080000000,0x00000000bd135008,0x00000000c4080000)
 Metaspace       used 86101K, committed 87808K, reserved 1179648K
  class space    used 8480K, committed 9344K, reserved 1048576K
}
Event: 172407.481 GC heap before
{Heap before GC invocations=2452 (full 5):
 PSYoungGen      total 6656K, used 6592K [0x00000000d5580000, 0x00000000d5e00000, 0x0000000100000000)
  eden space 6144K, 100% used [0x00000000d5580000,0x00000000d5b80000,0x00000000d5b80000)
  from space 512K, 87% used [0x00000000d5d80000,0x00000000d5df0000,0x00000000d5e00000)
  to   space 1024K, 0% used [0x00000000d5c00000,0x00000000d5c00000,0x00000000d5d00000)
 ParOldGen       total 1114624K, used 1000660K [0x0000000080000000, 0x00000000c4080000, 0x00000000d5580000)
  object space 1114624K, 89% used [0x0000000080000000,0x00000000bd135008,0x00000000c4080000)
 Metaspace       used 86107K, committed 87808K, reserved 1179648K
  class space    used 8480K, committed 9344K, reserved 1048576K
}
Event: 172407.494 GC heap after
{Heap after GC invocations=2452 (full 5):
 PSYoungGen      total 7168K, used 505K [0x00000000d5580000, 0x00000000d5e00000, 0x0000000100000000)
  eden space 6144K, 0% used [0x00000000d5580000,0x00000000d5580000,0x00000000d5b80000)
  from space 1024K, 49% used [0x00000000d5c00000,0x00000000d5c7e410,0x00000000d5d00000)
  to   space 1024K, 0% used [0x00000000d5d00000,0x00000000d5d00000,0x00000000d5e00000)
 ParOldGen       total 1114624K, used 1000860K [0x0000000080000000, 0x00000000c4080000, 0x00000000d5580000)
  object space 1114624K, 89% used [0x0000000080000000,0x00000000bd167018,0x00000000c4080000)
 Metaspace       used 86107K, committed 87808K, reserved 1179648K
  class space    used 8480K, committed 9344K, reserved 1048576K
}
Event: 172407.972 GC heap before
{Heap before GC invocations=2453 (full 5):
 PSYoungGen      total 7168K, used 6649K [0x00000000d5580000, 0x00000000d5e00000, 0x0000000100000000)
  eden space 6144K, 100% used [0x00000000d5580000,0x00000000d5b80000,0x00000000d5b80000)
  from space 1024K, 49% used [0x00000000d5c00000,0x00000000d5c7e410,0x00000000d5d00000)
  to   space 1024K, 0% used [0x00000000d5d00000,0x00000000d5d00000,0x00000000d5e00000)
 ParOldGen       total 1114624K, used 1000860K [0x0000000080000000, 0x00000000c4080000, 0x00000000d5580000)
  object space 1114624K, 89% used [0x0000000080000000,0x00000000bd167018,0x00000000c4080000)
 Metaspace       used 86107K, committed 87808K, reserved 1179648K
  class space    used 8480K, committed 9344K, reserved 1048576K
}
Event: 172407.982 GC heap after
{Heap after GC invocations=2453 (full 5):
 PSYoungGen      total 7168K, used 698K [0x00000000d5580000, 0x00000000d5e00000, 0x0000000100000000)
  eden space 6144K, 0% used [0x00000000d5580000,0x00000000d5580000,0x00000000d5b80000)
  from space 1024K, 68% used [0x00000000d5d00000,0x00000000d5dae900,0x00000000d5e00000)
  to   space 1024K, 0% used [0x00000000d5c00000,0x00000000d5c00000,0x00000000d5d00000)
 ParOldGen       total 1114624K, used 1001104K [0x0000000080000000, 0x00000000c4080000, 0x00000000d5580000)
  object space 1114624K, 89% used [0x0000000080000000,0x00000000bd1a4218,0x00000000c4080000)
 Metaspace       used 86107K, committed 87808K, reserved 1179648K
  class space    used 8480K, committed 9344K, reserved 1048576K
}
Event: 172408.130 GC heap before
{Heap before GC invocations=2454 (full 5):
 PSYoungGen      total 7168K, used 6842K [0x00000000d5580000, 0x00000000d5e00000, 0x0000000100000000)
  eden space 6144K, 100% used [0x00000000d5580000,0x00000000d5b80000,0x00000000d5b80000)
  from space 1024K, 68% used [0x00000000d5d00000,0x00000000d5dae900,0x00000000d5e00000)
  to   space 1024K, 0% used [0x00000000d5c00000,0x00000000d5c00000,0x00000000d5d00000)
 ParOldGen       total 1114624K, used 1001104K [0x0000000080000000, 0x00000000c4080000, 0x00000000d5580000)
  object space 1114624K, 89% used [0x0000000080000000,0x00000000bd1a4218,0x00000000c4080000)
 Metaspace       used 86108K, committed 87808K, reserved 1179648K
  class space    used 8480K, committed 9344K, reserved 1048576K
}
Event: 172408.133 GC heap after
{Heap after GC invocations=2454 (full 5):
 PSYoungGen      total 6656K, used 484K [0x00000000d5580000, 0x00000000d5d80000, 0x0000000100000000)
  eden space 6144K, 0% used [0x00000000d5580000,0x00000000d5580000,0x00000000d5b80000)
  from space 512K, 94% used [0x00000000d5c00000,0x00000000d5c79210,0x00000000d5c80000)
  to   space 1024K, 0% used [0x00000000d5c80000,0x00000000d5c80000,0x00000000d5d80000)
 ParOldGen       total 1114624K, used 1001295K [0x0000000080000000, 0x00000000c4080000, 0x00000000d5580000)
  object space 1114624K, 89% used [0x0000000080000000,0x00000000bd1d3c88,0x00000000c4080000)
 Metaspace       used 86108K, committed 87808K, reserved 1179648K
  class space    used 8480K, committed 9344K, reserved 1048576K
}
Event: 172408.227 GC heap before
{Heap before GC invocations=2455 (full 5):
 PSYoungGen      total 6656K, used 6628K [0x00000000d5580000, 0x00000000d5d80000, 0x0000000100000000)
  eden space 6144K, 100% used [0x00000000d5580000,0x00000000d5b80000,0x00000000d5b80000)
  from space 512K, 94% used [0x00000000d5c00000,0x00000000d5c79210,0x00000000d5c80000)
  to   space 1024K, 0% used [0x00000000d5c80000,0x00000000d5c80000,0x00000000d5d80000)
 ParOldGen       total 1114624K, used 1001295K [0x0000000080000000, 0x00000000c4080000, 0x00000000d5580000)
  object space 1114624K, 89% used [0x0000000080000000,0x00000000bd1d3c88,0x00000000c4080000)
 Metaspace       used 86108K, committed 87808K, reserved 1179648K
  class space    used 8480K, committed 9344K, reserved 1048576K
}
Event: 172408.234 GC heap after
{Heap after GC invocations=2455 (full 5):
 PSYoungGen      total 6656K, used 324K [0x00000000d5580000, 0x00000000d5d00000, 0x0000000100000000)
  eden space 6144K, 0% used [0x00000000d5580000,0x00000000d5580000,0x00000000d5b80000)
  from space 512K, 63% used [0x00000000d5c80000,0x00000000d5cd1210,0x00000000d5d00000)
  to   space 512K, 0% used [0x00000000d5c00000,0x00000000d5c00000,0x00000000d5c80000)
 ParOldGen       total 1114624K, used 1001475K [0x0000000080000000, 0x00000000c4080000, 0x00000000d5580000)
  object space 1114624K, 89% used [0x0000000080000000,0x00000000bd200fd8,0x00000000c4080000)
 Metaspace       used 86108K, committed 87808K, reserved 1179648K
  class space    used 8480K, committed 9344K, reserved 1048576K
}
Event: 172408.274 GC heap before
{Heap before GC invocations=2456 (full 5):
 PSYoungGen      total 6656K, used 6468K [0x00000000d5580000, 0x00000000d5d00000, 0x0000000100000000)
  eden space 6144K, 100% used [0x00000000d5580000,0x00000000d5b80000,0x00000000d5b80000)
  from space 512K, 63% used [0x00000000d5c80000,0x00000000d5cd1210,0x00000000d5d00000)
  to   space 512K, 0% used [0x00000000d5c00000,0x00000000d5c00000,0x00000000d5c80000)
 ParOldGen       total 1114624K, used 1001475K [0x0000000080000000, 0x00000000c4080000, 0x00000000d5580000)
  object space 1114624K, 89% used [0x0000000080000000,0x00000000bd200fd8,0x00000000c4080000)
 Metaspace       used 86108K, committed 87808K, reserved 1179648K
  class space    used 8480K, committed 9344K, reserved 1048576K
}
Event: 172408.278 GC heap after
{Heap after GC invocations=2456 (full 5):
 PSYoungGen      total 6656K, used 506K [0x00000000d5580000, 0x00000000d5d80000, 0x0000000100000000)
  eden space 6144K, 0% used [0x00000000d5580000,0x00000000d5580000,0x00000000d5b80000)
  from space 512K, 98% used [0x00000000d5c00000,0x00000000d5c7e900,0x00000000d5c80000)
  to   space 1024K, 0% used [0x00000000d5c80000,0x00000000d5c80000,0x00000000d5d80000)
 ParOldGen       total 1114624K, used 1001539K [0x0000000080000000, 0x00000000c4080000, 0x00000000d5580000)
  object space 1114624K, 89% used [0x0000000080000000,0x00000000bd210fd8,0x00000000c4080000)
 Metaspace       used 86108K, committed 87808K, reserved 1179648K
  class space    used 8480K, committed 9344K, reserved 1048576K
}
Event: 172408.322 GC heap before
{Heap before GC invocations=2457 (full 5):
 PSYoungGen      total 6656K, used 6650K [0x00000000d5580000, 0x00000000d5d80000, 0x0000000100000000)
  eden space 6144K, 100% used [0x00000000d5580000,0x00000000d5b80000,0x00000000d5b80000)
  from space 512K, 98% used [0x00000000d5c00000,0x00000000d5c7e900,0x00000000d5c80000)
  to   space 1024K, 0% used [0x00000000d5c80000,0x00000000d5c80000,0x00000000d5d80000)
 ParOldGen       total 1114624K, used 1001539K [0x0000000080000000, 0x00000000c4080000, 0x00000000d5580000)
  object space 1114624K, 89% used [0x0000000080000000,0x00000000bd210fd8,0x00000000c4080000)
 Metaspace       used 86108K, committed 87808K, reserved 1179648K
  class space    used 8480K, committed 9344K, reserved 1048576K
}
Event: 172408.331 GC heap after
{Heap after GC invocations=2457 (full 5):
 PSYoungGen      total 7168K, used 692K [0x00000000d5580000, 0x00000000d5d80000, 0x0000000100000000)
  eden space 6144K, 0% used [0x00000000d5580000,0x00000000d5580000,0x00000000d5b80000)
  from space 1024K, 67% used [0x00000000d5c80000,0x00000000d5d2d200,0x00000000d5d80000)
  to   space 1024K, 0% used [0x00000000d5b80000,0x00000000d5b80000,0x00000000d5c80000)
 ParOldGen       total 1114624K, used 1001579K [0x0000000080000000, 0x00000000c4080000, 0x00000000d5580000)
  object space 1114624K, 89% used [0x0000000080000000,0x00000000bd21afd8,0x00000000c4080000)
 Metaspace       used 86108K, committed 87808K, reserved 1179648K
  class space    used 8480K, committed 9344K, reserved 1048576K
}
Event: 172408.543 GC heap before
{Heap before GC invocations=2458 (full 5):
 PSYoungGen      total 7168K, used 6836K [0x00000000d5580000, 0x00000000d5d80000, 0x0000000100000000)
  eden space 6144K, 100% used [0x00000000d5580000,0x00000000d5b80000,0x00000000d5b80000)
  from space 1024K, 67% used [0x00000000d5c80000,0x00000000d5d2d200,0x00000000d5d80000)
  to   space 1024K, 0% used [0x00000000d5b80000,0x00000000d5b80000,0x00000000d5c80000)
 ParOldGen       total 1114624K, used 1001579K [0x0000000080000000, 0x00000000c4080000, 0x00000000d5580000)
  object space 1114624K, 89% used [0x0000000080000000,0x00000000bd21afd8,0x00000000c4080000)
 Metaspace       used 86108K, committed 87808K, reserved 1179648K
  class space    used 8480K, committed 9344K, reserved 1048576K
}
Event: 172408.548 GC heap after
{Heap after GC invocations=2458 (full 5):
 PSYoungGen      total 7168K, used 696K [0x00000000d5580000, 0x00000000d5d80000, 0x0000000100000000)
  eden space 6144K, 0% used [0x00000000d5580000,0x00000000d5580000,0x00000000d5b80000)
  from space 1024K, 67% used [0x00000000d5b80000,0x00000000d5c2e138,0x00000000d5c80000)
  to   space 1024K, 0% used [0x00000000d5c80000,0x00000000d5c80000,0x00000000d5d80000)
 ParOldGen       total 1114624K, used 1001659K [0x0000000080000000, 0x00000000c4080000, 0x00000000d5580000)
  object space 1114624K, 89% used [0x0000000080000000,0x00000000bd22efd8,0x00000000c4080000)
 Metaspace       used 86108K, committed 87808K, reserved 1179648K
  class space    used 8480K, committed 9344K, reserved 1048576K
}
Event: 172408.635 GC heap before
{Heap before GC invocations=2459 (full 5):
 PSYoungGen      total 7168K, used 6840K [0x00000000d5580000, 0x00000000d5d80000, 0x0000000100000000)
  eden space 6144K, 100% used [0x00000000d5580000,0x00000000d5b80000,0x00000000d5b80000)
  from space 1024K, 67% used [0x00000000d5b80000,0x00000000d5c2e138,0x00000000d5c80000)
  to   space 1024K, 0% used [0x00000000d5c80000,0x00000000d5c80000,0x00000000d5d80000)
 ParOldGen       total 1114624K, used 1001659K [0x0000000080000000, 0x00000000c4080000, 0x00000000d5580000)
  object space 1114624K, 89% used [0x0000000080000000,0x00000000bd22efd8,0x00000000c4080000)
 Metaspace       used 86112K, committed 87808K, reserved 1179648K
  class space    used 8480K, committed 9344K, reserved 1048576K
}
Event: 172408.639 GC heap after
{Heap after GC invocations=2459 (full 5):
 PSYoungGen      total 7168K, used 532K [0x00000000d5580000, 0x00000000d5d80000, 0x0000000100000000)
  eden space 6144K, 0% used [0x00000000d5580000,0x00000000d5580000,0x00000000d5b80000)
  from space 1024K, 52% used [0x00000000d5c80000,0x00000000d5d05200,0x00000000d5d80000)
  to   space 1024K, 0% used [0x00000000d5b80000,0x00000000d5b80000,0x00000000d5c80000)
 ParOldGen       total 1114624K, used 1001894K [0x0000000080000000, 0x00000000c4080000, 0x00000000d5580000)
  object space 1114624K, 89% used [0x0000000080000000,0x00000000bd269810,0x00000000c4080000)
 Metaspace       used 86112K, committed 87808K, reserved 1179648K
  class space    used 8480K, committed 9344K, reserved 1048576K
}
Event: 172408.703 GC heap before
{Heap before GC invocations=2460 (full 5):
 PSYoungGen      total 7168K, used 6676K [0x00000000d5580000, 0x00000000d5d80000, 0x0000000100000000)
  eden space 6144K, 100% used [0x00000000d5580000,0x00000000d5b80000,0x00000000d5b80000)
  from space 1024K, 52% used [0x00000000d5c80000,0x00000000d5d05200,0x00000000d5d80000)
  to   space 1024K, 0% used [0x00000000d5b80000,0x00000000d5b80000,0x00000000d5c80000)
 ParOldGen       total 1114624K, used 1001894K [0x0000000080000000, 0x00000000c4080000, 0x00000000d5580000)
  object space 1114624K, 89% used [0x0000000080000000,0x00000000bd269810,0x00000000c4080000)
 Metaspace       used 86120K, committed 87808K, reserved 1179648K
  class space    used 8480K, committed 9344K, reserved 1048576K
}
Event: 172408.717 GC heap after
{Heap after GC invocations=2460 (full 5):
 PSYoungGen      total 7168K, used 192K [0x00000000d5580000, 0x00000000d5d00000, 0x0000000100000000)
  eden space 6144K, 0% used [0x00000000d5580000,0x00000000d5580000,0x00000000d5b80000)
  from space 1024K, 18% used [0x00000000d5b80000,0x00000000d5bb0000,0x00000000d5c80000)
  to   space 512K, 0% used [0x00000000d5c80000,0x00000000d5c80000,0x00000000d5d00000)
 ParOldGen       total 1114624K, used 1001902K [0x0000000080000000, 0x00000000c4080000, 0x00000000d5580000)
  object space 1114624K, 89% used [0x0000000080000000,0x00000000bd26b810,0x00000000c4080000)
 Metaspace       used 86120K, committed 87808K, reserved 1179648K
  class space    used 8480K, committed 9344K, reserved 1048576K
}

Dll operation events (14 events):
Event: 0.022 Loaded shared library c:\Users\user\.antigravity\extensions\redhat.java-1.53.0-win32-x64\jre\21.0.10-win32-x86_64\bin\java.dll
Event: 0.172 Loaded shared library c:\Users\user\.antigravity\extensions\redhat.java-1.53.0-win32-x64\jre\21.0.10-win32-x86_64\bin\zip.dll
Event: 0.226 Loaded shared library C:\Users\user\.antigravity\extensions\redhat.java-1.53.0-win32-x64\jre\21.0.10-win32-x86_64\bin\instrument.dll
Event: 0.237 Loaded shared library C:\Users\user\.antigravity\extensions\redhat.java-1.53.0-win32-x64\jre\21.0.10-win32-x86_64\bin\net.dll
Event: 0.242 Loaded shared library C:\Users\user\.antigravity\extensions\redhat.java-1.53.0-win32-x64\jre\21.0.10-win32-x86_64\bin\nio.dll
Event: 0.251 Loaded shared library C:\Users\user\.antigravity\extensions\redhat.java-1.53.0-win32-x64\jre\21.0.10-win32-x86_64\bin\zip.dll
Event: 0.290 Loaded shared library C:\Users\user\.antigravity\extensions\redhat.java-1.53.0-win32-x64\jre\21.0.10-win32-x86_64\bin\jimage.dll
Event: 0.577 Loaded shared library c:\Users\user\.antigravity\extensions\redhat.java-1.53.0-win32-x64\jre\21.0.10-win32-x86_64\bin\verify.dll
Event: 22.475 Loaded shared library C:\Users\user\AppData\Roaming\Antigravity\User\globalStorage\redhat.java\1.53.0\config_win\org.eclipse.equinox.launcher\org.eclipse.equinox.launcher.win32.win32.x86_64_1.3.0.v20260203-2149\eclipse_11919.dll
Event: 48.020 Loaded shared library C:\Users\user\.antigravity\extensions\redhat.java-1.53.0-win32-x64\jre\21.0.10-win32-x86_64\bin\management.dll
Event: 48.028 Loaded shared library C:\Users\user\.antigravity\extensions\redhat.java-1.53.0-win32-x64\jre\21.0.10-win32-x86_64\bin\management_ext.dll
Event: 50.494 Loaded shared library C:\Users\user\AppData\Local\Temp\jna-3599307\jna15862468496369324832.dll
Event: 50.895 Loaded shared library C:\Users\user\.antigravity\extensions\redhat.java-1.53.0-win32-x64\jre\21.0.10-win32-x86_64\bin\sunmscapi.dll
Event: 52.000 Loaded shared library C:\Users\user\.antigravity\extensions\redhat.java-1.53.0-win32-x64\jre\21.0.10-win32-x86_64\bin\extnet.dll

Deoptimization events (20 events):
Event: 171893.298 Thread 0x0000018f5b487e70 DEOPT PACKING pc=0x0000018f090d6390 sp=0x00000039e2ffd3a0
Event: 171893.298 Thread 0x0000018f5b487e70 DEOPT UNPACKING pc=0x0000018f07583aa2 sp=0x00000039e2ffd2e0 mode 2
Event: 171895.070 Thread 0x0000018f58d97fa0 DEOPT PACKING pc=0x0000018f02f936e0 sp=0x00000039e11fea80
Event: 171895.070 Thread 0x0000018f58d97fa0 DEOPT UNPACKING pc=0x0000018f07584242 sp=0x00000039e11fe040 mode 0
Event: 171895.335 Thread 0x0000018f58d97fa0 DEOPT PACKING pc=0x0000018f02f936e0 sp=0x00000039e11fea80
Event: 171895.335 Thread 0x0000018f58d97fa0 DEOPT UNPACKING pc=0x0000018f07584242 sp=0x00000039e11fe040 mode 0
Event: 171897.608 Thread 0x0000018f58d97fa0 Uncommon trap: trap_request=0xffffffc6 fr.pc=0x0000018f08264794 relative=0x00000000000026f4
Event: 171897.608 Thread 0x0000018f58d97fa0 Uncommon trap: reason=bimorphic_or_optimized_type_check action=maybe_recompile pc=0x0000018f08264794 method=org.eclipse.jdt.internal.compiler.lookup.LookupEnvironment.computePackageFrom([[CZ)Lorg/eclipse/jdt/internal/compiler/lookup/PackageBinding; @ 67 c
Event: 171897.608 Thread 0x0000018f58d97fa0 DEOPT PACKING pc=0x0000018f08264794 sp=0x00000039e11fdbd0
Event: 171897.608 Thread 0x0000018f58d97fa0 DEOPT UNPACKING pc=0x0000018f07583aa2 sp=0x00000039e11fdb38 mode 2
Event: 171897.622 Thread 0x0000018f58d97fa0 Uncommon trap: trap_request=0xffffffc6 fr.pc=0x0000018f08264794 relative=0x00000000000026f4
Event: 171897.622 Thread 0x0000018f58d97fa0 Uncommon trap: reason=bimorphic_or_optimized_type_check action=maybe_recompile pc=0x0000018f08264794 method=org.eclipse.jdt.internal.compiler.lookup.LookupEnvironment.computePackageFrom([[CZ)Lorg/eclipse/jdt/internal/compiler/lookup/PackageBinding; @ 67 c
Event: 171897.622 Thread 0x0000018f58d97fa0 DEOPT PACKING pc=0x0000018f08264794 sp=0x00000039e11fe180
Event: 171897.622 Thread 0x0000018f58d97fa0 DEOPT UNPACKING pc=0x0000018f07583aa2 sp=0x00000039e11fe0e8 mode 2
Event: 172408.613 Thread 0x0000018f5d511820 DEOPT PACKING pc=0x0000018f0026a7e5 sp=0x00000039e15fe350
Event: 172408.615 Thread 0x0000018f5d511820 DEOPT UNPACKING pc=0x0000018f07584242 sp=0x00000039e15fd7f0 mode 0
Event: 172408.651 Thread 0x0000018f5d511820 Uncommon trap: trap_request=0xffffff6e fr.pc=0x0000018f09127f38 relative=0x00000000000007f8
Event: 172408.651 Thread 0x0000018f5d511820 Uncommon trap: reason=loop_limit_check action=maybe_recompile pc=0x0000018f09127f38 method=org.eclipse.jdt.internal.compiler.util.HashtableOfObjectToInt.rehash()V @ 50 c2
Event: 172408.651 Thread 0x0000018f5d511820 DEOPT PACKING pc=0x0000018f09127f38 sp=0x00000039e15fe350
Event: 172408.651 Thread 0x0000018f5d511820 DEOPT UNPACKING pc=0x0000018f07583aa2 sp=0x00000039e15fe300 mode 2

Classes loaded (20 events):
Event: 171693.759 Loading class jdk/internal/module/IllegalAccessLogger
Event: 171693.759 Loading class jdk/internal/module/IllegalAccessLogger done
Event: 171708.134 Loading class jdk/internal/module/IllegalAccessLogger
Event: 171708.134 Loading class jdk/internal/module/IllegalAccessLogger done
Event: 171723.919 Loading class jdk/internal/module/IllegalAccessLogger
Event: 171723.919 Loading class jdk/internal/module/IllegalAccessLogger done
Event: 171745.626 Loading class jdk/internal/module/IllegalAccessLogger
Event: 171745.626 Loading class jdk/internal/module/IllegalAccessLogger done
Event: 171766.861 Loading class jdk/internal/module/IllegalAccessLogger
Event: 171766.861 Loading class jdk/internal/module/IllegalAccessLogger done
Event: 171783.806 Loading class jdk/internal/module/IllegalAccessLogger
Event: 171783.806 Loading class jdk/internal/module/IllegalAccessLogger done
Event: 171813.064 Loading class jdk/internal/module/IllegalAccessLogger
Event: 171813.065 Loading class jdk/internal/module/IllegalAccessLogger done
Event: 171828.182 Loading class jdk/internal/module/IllegalAccessLogger
Event: 171828.182 Loading class jdk/internal/module/IllegalAccessLogger done
Event: 171889.065 Loading class javax/xml/transform/TransformerConfigurationException
Event: 171889.067 Loading class javax/xml/transform/TransformerConfigurationException done
Event: 171893.171 Loading class jdk/internal/module/IllegalAccessLogger
Event: 171893.171 Loading class jdk/internal/module/IllegalAccessLogger done

Classes unloaded (20 events):
Event: 171620.801 Thread 0x0000018f7aa5d1a0 Unloading class 0x0000018f14014800 'java/lang/invoke/LambdaForm$MH+0x0000018f14014800'
Event: 171620.801 Thread 0x0000018f7aa5d1a0 Unloading class 0x0000018f1400d800 'java/lang/invoke/LambdaForm$MH+0x0000018f1400d800'
Event: 171620.801 Thread 0x0000018f7aa5d1a0 Unloading class 0x0000018f1400d400 'java/lang/invoke/LambdaForm$MH+0x0000018f1400d400'
Event: 171620.801 Thread 0x0000018f7aa5d1a0 Unloading class 0x0000018f1400d000 'java/lang/invoke/LambdaForm$MH+0x0000018f1400d000'
Event: 171620.801 Thread 0x0000018f7aa5d1a0 Unloading class 0x0000018f1400cc00 'java/lang/invoke/LambdaForm$MH+0x0000018f1400cc00'
Event: 171620.801 Thread 0x0000018f7aa5d1a0 Unloading class 0x0000018f1400c800 'java/lang/invoke/LambdaForm$BMH+0x0000018f1400c800'
Event: 171620.801 Thread 0x0000018f7aa5d1a0 Unloading class 0x0000018f1400c000 'java/lang/invoke/LambdaForm$DMH+0x0000018f1400c000'
Event: 171620.802 Thread 0x0000018f7aa5d1a0 Unloading class 0x0000018f14008c00 'java/lang/invoke/LambdaForm$MH+0x0000018f14008c00'
Event: 171620.802 Thread 0x0000018f7aa5d1a0 Unloading class 0x0000018f14008800 'java/lang/invoke/LambdaForm$MH+0x0000018f14008800'
Event: 171620.802 Thread 0x0000018f7aa5d1a0 Unloading class 0x0000018f14008400 'java/lang/invoke/LambdaForm$MH+0x0000018f14008400'
Event: 171620.802 Thread 0x0000018f7aa5d1a0 Unloading class 0x0000018f14007000 'java/lang/invoke/LambdaForm$MH+0x0000018f14007000'
Event: 171620.802 Thread 0x0000018f7aa5d1a0 Unloading class 0x0000018f14006800 'java/lang/invoke/LambdaForm$MH+0x0000018f14006800'
Event: 171620.802 Thread 0x0000018f7aa5d1a0 Unloading class 0x0000018f14006400 'java/lang/invoke/LambdaForm$MH+0x0000018f14006400'
Event: 171620.802 Thread 0x0000018f7aa5d1a0 Unloading class 0x0000018f14006000 'java/lang/invoke/LambdaForm$MH+0x0000018f14006000'
Event: 171620.802 Thread 0x0000018f7aa5d1a0 Unloading class 0x0000018f14005c00 'java/lang/invoke/LambdaForm$BMH+0x0000018f14005c00'
Event: 171620.802 Thread 0x0000018f7aa5d1a0 Unloading class 0x0000018f14004800 'java/lang/invoke/LambdaForm$DMH+0x0000018f14004800'
Event: 171620.802 Thread 0x0000018f7aa5d1a0 Unloading class 0x0000018f14002400 'java/lang/invoke/LambdaForm$MH+0x0000018f14002400'
Event: 171620.802 Thread 0x0000018f7aa5d1a0 Unloading class 0x0000018f14002000 'java/lang/invoke/LambdaForm$MH+0x0000018f14002000'
Event: 171620.802 Thread 0x0000018f7aa5d1a0 Unloading class 0x0000018f14001800 'java/lang/invoke/LambdaForm$MH+0x0000018f14001800'
Event: 171620.802 Thread 0x0000018f7aa5d1a0 Unloading class 0x0000018f14000400 'java/lang/invoke/LambdaForm$MH+0x0000018f14000400'

Classes redefined (0 events):
No events

Internal exceptions (20 events):
Event: 171892.804 Thread 0x0000018f5b4849f0 Exception <a 'sun/nio/fs/WindowsException'{0x00000000d563d3e0}> (0x00000000d563d3e0) 
thrown [s\src\hotspot\share\prims\jni.cpp, line 520]
Event: 171892.805 Thread 0x0000018f5b4849f0 Exception <a 'sun/nio/fs/WindowsException'{0x00000000d563fc98}> (0x00000000d563fc98) 
thrown [s\src\hotspot\share\prims\jni.cpp, line 520]
Event: 171892.806 Thread 0x0000018f5b481570 Exception <a 'sun/nio/fs/WindowsException'{0x00000000d5643b80}> (0x00000000d5643b80) 
thrown [s\src\hotspot\share\prims\jni.cpp, line 520]
Event: 171892.806 Thread 0x0000018f5b482fb0 Exception <a 'sun/nio/fs/WindowsException'{0x00000000d564aaa0}> (0x00000000d564aaa0) 
thrown [s\src\hotspot\share\prims\jni.cpp, line 520]
Event: 171892.806 Thread 0x0000018f5b485080 Exception <a 'sun/nio/fs/WindowsException'{0x00000000d5651e68}> (0x00000000d5651e68) 
thrown [s\src\hotspot\share\prims\jni.cpp, line 520]
Event: 171892.807 Thread 0x0000018f5b482fb0 Exception <a 'sun/nio/fs/WindowsException'{0x00000000d564c2e8}> (0x00000000d564c2e8) 
thrown [s\src\hotspot\share\prims\jni.cpp, line 520]
Event: 171892.812 Thread 0x0000018f5b481c00 Exception <a 'sun/nio/fs/WindowsException'{0x00000000d5660da0}> (0x00000000d5660da0) 
thrown [s\src\hotspot\share\prims\jni.cpp, line 520]
Event: 171892.813 Thread 0x0000018f5b482fb0 Exception <a 'sun/nio/fs/WindowsException'{0x00000000d564f740}> (0x00000000d564f740) 
thrown [s\src\hotspot\share\prims\jni.cpp, line 520]
Event: 171892.814 Thread 0x0000018f5b485710 Exception <a 'sun/nio/fs/WindowsException'{0x00000000d5668160}> (0x00000000d5668160) 
thrown [s\src\hotspot\share\prims\jni.cpp, line 520]
Event: 171893.828 Thread 0x0000018f5d511820 Exception <a 'sun/nio/fs/WindowsException'{0x00000000d57cd338}> (0x00000000d57cd338) 
thrown [s\src\hotspot\share\prims\jni.cpp, line 520]
Event: 171893.828 Thread 0x0000018f5d511820 Exception <a 'sun/nio/fs/WindowsException'{0x00000000d57cdbb0}> (0x00000000d57cdbb0) 
thrown [s\src\hotspot\share\prims\jni.cpp, line 520]
Event: 171893.828 Thread 0x0000018f5d511820 Exception <a 'sun/nio/fs/WindowsException'{0x00000000d57cec30}> (0x00000000d57cec30) 
thrown [s\src\hotspot\share\prims\jni.cpp, line 520]
Event: 171893.828 Thread 0x0000018f5d511820 Exception <a 'sun/nio/fs/WindowsException'{0x00000000d57cf248}> (0x00000000d57cf248) 
thrown [s\src\hotspot\share\prims\jni.cpp, line 520]
Event: 171893.829 Thread 0x0000018f5d511820 Exception <a 'sun/nio/fs/WindowsException'{0x00000000d57d0598}> (0x00000000d57d0598) 
thrown [s\src\hotspot\share\prims\jni.cpp, line 520]
Event: 171893.829 Thread 0x0000018f5d511820 Exception <a 'sun/nio/fs/WindowsException'{0x00000000d57d0e10}> (0x00000000d57d0e10) 
thrown [s\src\hotspot\share\prims\jni.cpp, line 520]
Event: 171893.829 Thread 0x0000018f5d511820 Exception <a 'sun/nio/fs/WindowsException'{0x00000000d57d1cf8}> (0x00000000d57d1cf8) 
thrown [s\src\hotspot\share\prims\jni.cpp, line 520]
Event: 171893.829 Thread 0x0000018f5d511820 Exception <a 'sun/nio/fs/WindowsException'{0x00000000d57d27b8}> (0x00000000d57d27b8) 
thrown [s\src\hotspot\share\prims\jni.cpp, line 520]
Event: 171894.884 Thread 0x0000018f58d97fa0 Exception <a 'sun/nio/fs/WindowsException'{0x00000000d56d8a48}> (0x00000000d56d8a48) 
thrown [s\src\hotspot\share\prims\jni.cpp, line 520]
Event: 172162.807 Thread 0x0000018f5d50c2d0 Exception <a 'sun/nio/fs/WindowsException'{0x00000000d5735bf8}> (0x00000000d5735bf8) 
thrown [s\src\hotspot\share\prims\jni.cpp, line 520]
Event: 172162.807 Thread 0x0000018f5d50c2d0 Exception <a 'sun/nio/fs/WindowsException'{0x00000000d57369d8}> (0x00000000d57369d8) 
thrown [s\src\hotspot\share\prims\jni.cpp, line 520]

ZGC Phase Switch (0 events):
No events

VM Operations (20 events):
Event: 174063.012 Executing non-safepoint VM operation: HandshakeAllThreads (HandshakeForDeflation)
Event: 174063.012 Executing non-safepoint VM operation: HandshakeAllThreads (HandshakeForDeflation) done
Event: 174063.012 Executing non-safepoint VM operation: RendezvousGCThreads
Event: 174063.012 Executing non-safepoint VM operation: RendezvousGCThreads done
Event: 174243.281 Executing non-safepoint VM operation: HandshakeAllThreads (HandshakeForDeflation)
Event: 174243.281 Executing non-safepoint VM operation: HandshakeAllThreads (HandshakeForDeflation) done
Event: 174243.281 Executing non-safepoint VM operation: RendezvousGCThreads
Event: 174243.281 Executing non-safepoint VM operation: RendezvousGCThreads done
Event: 174303.537 Executing non-safepoint VM operation: HandshakeAllThreads (HandshakeForDeflation)
Event: 174303.538 Executing non-safepoint VM operation: HandshakeAllThreads (HandshakeForDeflation) done
Event: 174303.538 Executing non-safepoint VM operation: RendezvousGCThreads
Event: 174303.538 Executing non-safepoint VM operation: RendezvousGCThreads done
Event: 174363.726 Executing non-safepoint VM operation: HandshakeAllThreads (HandshakeForDeflation)
Event: 174363.726 Executing non-safepoint VM operation: HandshakeAllThreads (HandshakeForDeflation) done
Event: 174363.726 Executing non-safepoint VM operation: RendezvousGCThreads
Event: 174363.726 Executing non-safepoint VM operation: RendezvousGCThreads done
Event: 174544.210 Executing non-safepoint VM operation: HandshakeAllThreads (HandshakeForDeflation)
Event: 174544.211 Executing non-safepoint VM operation: HandshakeAllThreads (HandshakeForDeflation) done
Event: 174544.211 Executing non-safepoint VM operation: RendezvousGCThreads
Event: 174544.211 Executing non-safepoint VM operation: RendezvousGCThreads done

Memory protections (0 events):
No events

Nmethod flushes (20 events):
Event: 171622.073 Thread 0x0000018f7aa5d1a0 flushing  nmethod 0x0000018f0242b490
Event: 171622.073 Thread 0x0000018f7aa5d1a0 flushing  nmethod 0x0000018f0242f790
Event: 171622.073 Thread 0x0000018f7aa5d1a0 flushing  nmethod 0x0000018f0247d890
Event: 171622.073 Thread 0x0000018f7aa5d1a0 flushing  nmethod 0x0000018f02487590
Event: 171622.073 Thread 0x0000018f7aa5d1a0 flushing osr nmethod 0x0000018f024e5f10
Event: 171622.073 Thread 0x0000018f7aa5d1a0 flushing  nmethod 0x0000018f024ee910
Event: 171622.073 Thread 0x0000018f7aa5d1a0 flushing  nmethod 0x0000018f024f4390
Event: 171622.073 Thread 0x0000018f7aa5d1a0 flushing osr nmethod 0x0000018f024ff410
Event: 171622.073 Thread 0x0000018f7aa5d1a0 flushing osr nmethod 0x0000018f02501d90
Event: 171622.073 Thread 0x0000018f7aa5d1a0 flushing  nmethod 0x0000018f02503f10
Event: 171622.073 Thread 0x0000018f7aa5d1a0 flushing osr nmethod 0x0000018f02519a90
Event: 171622.074 Thread 0x0000018f7aa5d1a0 flushing  nmethod 0x0000018f0251e590
Event: 171622.074 Thread 0x0000018f7aa5d1a0 flushing  nmethod 0x0000018f028fa210
Event: 171622.074 Thread 0x0000018f7aa5d1a0 flushing  nmethod 0x0000018f028fd310
Event: 171622.074 Thread 0x0000018f7aa5d1a0 flushing  nmethod 0x0000018f0301a110
Event: 171622.074 Thread 0x0000018f7aa5d1a0 flushing  nmethod 0x0000018f03079690
Event: 171622.074 Thread 0x0000018f7aa5d1a0 flushing  nmethod 0x0000018f0311fa90
Event: 171622.074 Thread 0x0000018f7aa5d1a0 flushing  nmethod 0x0000018f03120890
Event: 171622.074 Thread 0x0000018f7aa5d1a0 flushing  nmethod 0x0000018f0330db90
Event: 171622.074 Thread 0x0000018f7aa5d1a0 flushing  nmethod 0x0000018f03337c10

Events (20 events):
Event: 172162.815 Thread 0x0000018f5d50c2d0 Thread added: 0x0000018f5d50cff0
Event: 172162.816 Thread 0x0000018f5d50cff0 Thread exited: 0x0000018f5d50cff0
Event: 172192.863 Thread 0x0000018f5b485080 Thread exited: 0x0000018f5b485080
Event: 172192.960 Thread 0x0000018f5b6dca50 Thread exited: 0x0000018f5b6dca50
Event: 172192.960 Thread 0x0000018f5d50fde0 Thread exited: 0x0000018f5d50fde0
Event: 172192.960 Thread 0x0000018f5d511190 Thread exited: 0x0000018f5d511190
Event: 172192.979 Thread 0x0000018f5d510b00 Thread exited: 0x0000018f5d510b00
Event: 172192.991 Thread 0x0000018f5d50e3a0 Thread exited: 0x0000018f5d50e3a0
Event: 172192.992 Thread 0x0000018f5b6d95d0 Thread exited: 0x0000018f5b6d95d0
Event: 172193.674 Thread 0x0000018f5b487150 Thread exited: 0x0000018f5b487150
Event: 172193.690 Thread 0x0000018f5a7c7c80 Thread exited: 0x0000018f5a7c7c80
Event: 172193.691 Thread 0x0000018f5a7c5bb0 Thread exited: 0x0000018f5a7c5bb0
Event: 172193.732 Thread 0x0000018f5a7c75f0 Thread exited: 0x0000018f5a7c75f0
Event: 172193.748 Thread 0x0000018f5b486ac0 Thread exited: 0x0000018f5b486ac0
Event: 172193.780 Thread 0x0000018f5b486430 Thread exited: 0x0000018f5b486430
Event: 172252.865 Thread 0x0000018f5b485da0 Thread exited: 0x0000018f5b485da0
Event: 172312.868 Thread 0x0000018f5b482920 Thread exited: 0x0000018f5b482920
Event: 172372.879 Thread 0x0000018f5b481c00 Thread exited: 0x0000018f5b481c00
Event: 172408.387 Thread 0x0000018f7e427720 Thread added: 0x0000018f5cc02080
Event: 172413.764 Thread 0x0000018f5cc02080 Thread exited: 0x0000018f5cc02080


Dynamic libraries:
0x00007ff7fa5f0000 - 0x00007ff7fa5fe000 	c:\Users\user\.antigravity\extensions\redhat.java-1.53.0-win32-x64\jre\21.0.10-win32-x86_64\bin\java.exe
0x00007ffcb06e0000 - 0x00007ffcb0948000 	C:\WINDOWS\SYSTEM32\ntdll.dll
0x00007ffcaf140000 - 0x00007ffcaf209000 	C:\WINDOWS\System32\KERNEL32.DLL
0x00007ffcad830000 - 0x00007ffcadc28000 	C:\WINDOWS\System32\KERNELBASE.dll
0x00007ffcadf20000 - 0x00007ffcae06b000 	C:\WINDOWS\System32\ucrtbase.dll
0x00007ffc95820000 - 0x00007ffc95838000 	c:\Users\user\.antigravity\extensions\redhat.java-1.53.0-win32-x64\jre\21.0.10-win32-x86_64\bin\jli.dll
0x00007ffc8ab60000 - 0x00007ffc8ab7e000 	c:\Users\user\.antigravity\extensions\redhat.java-1.53.0-win32-x64\jre\21.0.10-win32-x86_64\bin\VCRUNTIME140.dll
0x00007ffcaf970000 - 0x00007ffcafb37000 	C:\WINDOWS\System32\USER32.dll
0x00007ffc934a0000 - 0x00007ffc93734000 	C:\WINDOWS\WinSxS\amd64_microsoft.windows.common-controls_6595b64144ccf1df_6.0.26100.7019_none_3e06ffa0e335b8a8\COMCTL32.dll
0x00007ffcae1e0000 - 0x00007ffcae207000 	C:\WINDOWS\System32\win32u.dll
0x00007ffcb0480000 - 0x00007ffcb0529000 	C:\WINDOWS\System32\msvcrt.dll
0x00007ffcb00e0000 - 0x00007ffcb010b000 	C:\WINDOWS\System32\GDI32.dll
0x00007ffcae350000 - 0x00007ffcae47c000 	C:\WINDOWS\System32\gdi32full.dll
0x00007ffcae210000 - 0x00007ffcae2b3000 	C:\WINDOWS\System32\msvcp_win.dll
0x00007ffcb0440000 - 0x00007ffcb0471000 	C:\WINDOWS\System32\IMM32.DLL
0x00007ffc95550000 - 0x00007ffc9555c000 	c:\Users\user\.antigravity\extensions\redhat.java-1.53.0-win32-x64\jre\21.0.10-win32-x86_64\bin\vcruntime140_1.dll
0x00007ffc21db0000 - 0x00007ffc21e3d000 	c:\Users\user\.antigravity\extensions\redhat.java-1.53.0-win32-x64\jre\21.0.10-win32-x86_64\bin\msvcp140.dll
0x00007ffbf1b90000 - 0x00007ffbf2931000 	c:\Users\user\.antigravity\extensions\redhat.java-1.53.0-win32-x64\jre\21.0.10-win32-x86_64\bin\server\jvm.dll
0x00007ffcae4a0000 - 0x00007ffcae554000 	C:\WINDOWS\System32\ADVAPI32.dll
0x00007ffcafbf0000 - 0x00007ffcafc96000 	C:\WINDOWS\System32\sechost.dll
0x00007ffcae800000 - 0x00007ffcae918000 	C:\WINDOWS\System32\RPCRT4.dll
0x00007ffcafb70000 - 0x00007ffcafbe4000 	C:\WINDOWS\System32\WS2_32.dll
0x00007ffcad690000 - 0x00007ffcad6ee000 	C:\WINDOWS\SYSTEM32\POWRPROF.dll
0x00007ffc94a00000 - 0x00007ffc94a35000 	C:\WINDOWS\SYSTEM32\WINMM.dll
0x00007ffca5c40000 - 0x00007ffca5c4b000 	C:\WINDOWS\SYSTEM32\VERSION.dll
0x00007ffcad670000 - 0x00007ffcad684000 	C:\WINDOWS\SYSTEM32\UMPDC.dll
0x00007ffcac5f0000 - 0x00007ffcac60b000 	C:\WINDOWS\SYSTEM32\kernel.appcore.dll
0x00007ffc93a50000 - 0x00007ffc93a5a000 	c:\Users\user\.antigravity\extensions\redhat.java-1.53.0-win32-x64\jre\21.0.10-win32-x86_64\bin\jimage.dll
0x00007ffcaaef0000 - 0x00007ffcab132000 	C:\WINDOWS\SYSTEM32\DBGHELP.DLL
0x00007ffcae920000 - 0x00007ffcaecab000 	C:\WINDOWS\System32\combase.dll
0x00007ffcaff70000 - 0x00007ffcb0047000 	C:\WINDOWS\System32\OLEAUT32.dll
0x00007ffc8b630000 - 0x00007ffc8b66c000 	C:\WINDOWS\SYSTEM32\dbgcore.DLL
0x00007ffcadc30000 - 0x00007ffcadcd5000 	C:\WINDOWS\System32\bcryptPrimitives.dll
0x00007ffc8f0f0000 - 0x00007ffc8f0ff000 	c:\Users\user\.antigravity\extensions\redhat.java-1.53.0-win32-x64\jre\21.0.10-win32-x86_64\bin\instrument.dll
0x00007ffc8ab40000 - 0x00007ffc8ab60000 	c:\Users\user\.antigravity\extensions\redhat.java-1.53.0-win32-x64\jre\21.0.10-win32-x86_64\bin\java.dll
0x00007ffcaf210000 - 0x00007ffcaf961000 	C:\WINDOWS\System32\SHELL32.dll
0x00007ffcae070000 - 0x00007ffcae1db000 	C:\WINDOWS\System32\wintypes.dll
0x00007ffcab490000 - 0x00007ffcabced000 	C:\WINDOWS\SYSTEM32\windows.storage.dll
0x00007ffcb0110000 - 0x00007ffcb0202000 	C:\WINDOWS\System32\SHCORE.dll
0x00007ffcb0630000 - 0x00007ffcb0697000 	C:\WINDOWS\System32\shlwapi.dll
0x00007ffcad750000 - 0x00007ffcad779000 	C:\WINDOWS\SYSTEM32\profapi.dll
0x00007ffc8aaf0000 - 0x00007ffc8ab08000 	c:\Users\user\.antigravity\extensions\redhat.java-1.53.0-win32-x64\jre\21.0.10-win32-x86_64\bin\zip.dll
0x00007ffc8aae0000 - 0x00007ffc8aaf0000 	C:\Users\user\.antigravity\extensions\redhat.java-1.53.0-win32-x64\jre\21.0.10-win32-x86_64\bin\net.dll
0x00007ffca0ba0000 - 0x00007ffca0cc8000 	C:\WINDOWS\SYSTEM32\WINHTTP.dll
0x00007ffcacb60000 - 0x00007ffcacbcb000 	C:\WINDOWS\system32\mswsock.dll
0x00007ffc8a960000 - 0x00007ffc8a976000 	C:\Users\user\.antigravity\extensions\redhat.java-1.53.0-win32-x64\jre\21.0.10-win32-x86_64\bin\nio.dll
0x00007ffc8aad0000 - 0x00007ffc8aae0000 	c:\Users\user\.antigravity\extensions\redhat.java-1.53.0-win32-x64\jre\21.0.10-win32-x86_64\bin\verify.dll
0x00007ffc39ca0000 - 0x00007ffc39ce5000 	C:\Users\user\AppData\Roaming\Antigravity\User\globalStorage\redhat.java\1.53.0\config_win\org.eclipse.equinox.launcher\org.eclipse.equinox.launcher.win32.win32.x86_64_1.3.0.v20260203-2149\eclipse_11919.dll
0x00007ffcb0220000 - 0x00007ffcb03b7000 	C:\WINDOWS\System32\ole32.dll
0x00007ffc8aa10000 - 0x00007ffc8aa1a000 	C:\Users\user\.antigravity\extensions\redhat.java-1.53.0-win32-x64\jre\21.0.10-win32-x86_64\bin\management.dll
0x00007ffc8a930000 - 0x00007ffc8a93c000 	C:\Users\user\.antigravity\extensions\redhat.java-1.53.0-win32-x64\jre\21.0.10-win32-x86_64\bin\management_ext.dll
0x00007ffcae7f0000 - 0x00007ffcae7f8000 	C:\WINDOWS\System32\PSAPI.DLL
0x00007ffcace30000 - 0x00007ffcace4b000 	C:\WINDOWS\SYSTEM32\CRYPTSP.dll
0x00007ffcac550000 - 0x00007ffcac58a000 	C:\WINDOWS\system32\rsaenh.dll
0x00007ffcacc10000 - 0x00007ffcacc3b000 	C:\WINDOWS\SYSTEM32\USERENV.dll
0x00007ffcad720000 - 0x00007ffcad74a000 	C:\WINDOWS\SYSTEM32\bcrypt.dll
0x00007ffcace20000 - 0x00007ffcace2c000 	C:\WINDOWS\SYSTEM32\CRYPTBASE.dll
0x00007ffcac0b0000 - 0x00007ffcac0e4000 	C:\WINDOWS\SYSTEM32\IPHLPAPI.DLL
0x00007ffcafca0000 - 0x00007ffcafcaa000 	C:\WINDOWS\System32\NSI.dll
0x00007ffc25c10000 - 0x00007ffc25c59000 	C:\Users\user\AppData\Local\Temp\jna-3599307\jna15862468496369324832.dll
0x00007ffca0810000 - 0x00007ffca082e000 	C:\WINDOWS\SYSTEM32\dhcpcsvc6.DLL
0x00007ffca07c0000 - 0x00007ffca07e3000 	C:\WINDOWS\SYSTEM32\dhcpcsvc.DLL
0x00007ffc87530000 - 0x00007ffc8753e000 	C:\Users\user\.antigravity\extensions\redhat.java-1.53.0-win32-x64\jre\21.0.10-win32-x86_64\bin\sunmscapi.dll
0x00007ffcadce0000 - 0x00007ffcade57000 	C:\WINDOWS\System32\CRYPT32.dll
0x00007ffcad040000 - 0x00007ffcad070000 	C:\WINDOWS\SYSTEM32\ncrypt.dll
0x00007ffcacff0000 - 0x00007ffcad02f000 	C:\WINDOWS\SYSTEM32\NTASN1.dll
0x00007ffcac0f0000 - 0x00007ffcac21c000 	C:\WINDOWS\SYSTEM32\DNSAPI.dll
0x00007ffc9ea70000 - 0x00007ffc9ea7b000 	C:\Windows\System32\rasadhlp.dll
0x00007ffc9ea80000 - 0x00007ffc9eb06000 	C:\WINDOWS\System32\fwpuclnt.dll
0x00007ffc80800000 - 0x00007ffc80809000 	C:\Users\user\.antigravity\extensions\redhat.java-1.53.0-win32-x64\jre\21.0.10-win32-x86_64\bin\extnet.dll

JVMTI agents:
c:\Users\user\.antigravity\extensions\redhat.java-1.53.0-win32-x64\lombok\lombok-1.18.39-4050.jar path:c:\Users\user\.antigravity\extensions\redhat.java-1.53.0-win32-x64\jre\21.0.10-win32-x86_64\bin\instrument.dll, loaded, initialized, instrumentlib options:none

dbghelp: loaded successfully - version: 4.0.5 - missing functions: none
symbol engine: initialized successfully - sym options: 0x614 - pdb path: .;c:\Users\user\.antigravity\extensions\redhat.java-1.53.0-win32-x64\jre\21.0.10-win32-x86_64\bin;C:\WINDOWS\SYSTEM32;C:\WINDOWS\WinSxS\amd64_microsoft.windows.common-controls_6595b64144ccf1df_6.0.26100.7019_none_3e06ffa0e335b8a8;c:\Users\user\.antigravity\extensions\redhat.java-1.53.0-win32-x64\jre\21.0.10-win32-x86_64\bin\server;C:\Users\user\AppData\Roaming\Antigravity\User\globalStorage\redhat.java\1.53.0\config_win\org.eclipse.equinox.launcher\org.eclipse.equinox.launcher.win32.win32.x86_64_1.3.0.v20260203-2149;C:\Users\user\AppData\Local\Temp\jna-3599307

VM Arguments:
jvm_args: --add-modules=ALL-SYSTEM --add-opens=java.base/java.util=ALL-UNNAMED --add-opens=java.base/java.lang=ALL-UNNAMED --add-opens=java.base/sun.nio.fs=ALL-UNNAMED -Declipse.application=org.eclipse.jdt.ls.core.id1 -Dosgi.bundles.defaultStartLevel=4 -Declipse.product=org.eclipse.jdt.ls.core.product -Djava.import.generatesMetadataFilesAtProjectRoot=false -DDetectVMInstallationsJob.disabled=true -Dfile.encoding=utf8 -XX:+UseParallelGC -XX:GCTimeRatio=4 -XX:AdaptiveSizePolicyWeight=90 -Dsun.zip.disableMemoryMapping=true -Xmx2G -Xms100m -Xlog:disable -javaagent:c:\Users\user\.antigravity\extensions\redhat.java-1.53.0-win32-x64\lombok\lombok-1.18.39-4050.jar -XX:+HeapDumpOnOutOfMemoryError -XX:HeapDumpPath=c:\Users\user\AppData\Roaming\Antigravity\User\workspaceStorage\022f5012e3a4bfd1a9f7a9dc4ff6804a\redhat.java -Daether.dependencyCollector.impl=bf 
java_command: c:\Users\user\.antigravity\extensions\redhat.java-1.53.0-win32-x64\server\plugins\org.eclipse.equinox.launcher_1.7.100.v20251111-0406.jar -configuration c:\Users\user\AppData\Roaming\Antigravity\User\globalStorage\redhat.java\1.53.0\config_win -data c:\Users\user\AppData\Roaming\Antigravity\User\workspaceStorage\022f5012e3a4bfd1a9f7a9dc4ff6804a\redhat.java\jdt_ws --pipe=\\.\pipe\lsp-3026e8c84d0970e43b62e05374d509e5-sock
java_class_path (initial): c:\Users\user\.antigravity\extensions\redhat.java-1.53.0-win32-x64\server\plugins\org.eclipse.equinox.launcher_1.7.100.v20251111-0406.jar
Launcher Type: SUN_STANDARD

[Global flags]
    uintx AdaptiveSizePolicyWeight                 = 90                                        {product} {command line}
     intx CICompilerCount                          = 4                                         {product} {ergonomic}
    uintx GCTimeRatio                              = 4                                         {product} {command line}
     bool HeapDumpOnOutOfMemoryError               = true                                   {manageable} {command line}
    ccstr HeapDumpPath                             = c:\Users\user\AppData\Roaming\Antigravity\User\workspaceStorage\022f5012e3a4bfd1a9f7a9dc4ff6804a\redhat.java         {manageable} {command line}
   size_t InitialHeapSize                          = 104857600                                 {product} {command line}
   size_t MaxHeapSize                              = 2147483648                                {product} {command line}
   size_t MaxNewSize                               = 715653120                                 {product} {ergonomic}
   size_t MinHeapDeltaBytes                        = 524288                                    {product} {ergonomic}
   size_t MinHeapSize                              = 104857600                                 {product} {command line}
   size_t NewSize                                  = 34603008                                  {product} {ergonomic}
    uintx NonNMethodCodeHeapSize                   = 5839372                                {pd product} {ergonomic}
    uintx NonProfiledCodeHeapSize                  = 122909434                              {pd product} {ergonomic}
   size_t OldSize                                  = 70254592                                  {product} {ergonomic}
    uintx ProfiledCodeHeapSize                     = 122909434                              {pd product} {ergonomic}
    uintx ReservedCodeCacheSize                    = 251658240                              {pd product} {ergonomic}
     bool SegmentedCodeCache                       = true                                      {product} {ergonomic}
   size_t SoftMaxHeapSize                          = 2147483648                             {manageable} {ergonomic}
     bool UseCompressedOops                        = true                           {product lp64_product} {ergonomic}
     bool UseLargePagesIndividualAllocation        = false                                  {pd product} {ergonomic}
     bool UseParallelGC                            = true                                      {product} {command line}

Logging:
Log output configuration:
 #0: stdout all=off uptime,level,tags foldmultilines=false
 #1: stderr all=off uptime,level,tags foldmultilines=false

Release file:
JAVA_VERSION="21.0.10" 
MODULES="java.base java.compiler java.datatransfer java.xml java.prefs java.desktop java.instrument java.logging java.management java.security.sasl java.naming java.rmi java.management.rmi java.net.http java.scripting java.security.jgss java.transaction.xa java.sql java.sql.rowset java.xml.crypto java.se java.smartcardio jdk.accessibility jdk.internal.jvmstat jdk.attach jdk.charsets jdk.internal.opt jdk.zipfs jdk.compiler jdk.crypto.ec jdk.crypto.cryptoki jdk.crypto.mscapi jdk.dynalink jdk.internal.ed jdk.editpad jdk.hotspot.agent jdk.httpserver jdk.internal.le jdk.internal.vm.ci jdk.internal.vm.compiler jdk.internal.vm.compiler.management jdk.jartool jdk.javadoc jdk.jcmd jdk.management jdk.management.agent jdk.jconsole jdk.jdeps jdk.jdwp.agent jdk.jdi jdk.jfr jdk.jshell jdk.jsobject jdk.jstatd jdk.localedata jdk.management.jfr jdk.naming.dns jdk.naming.rmi jdk.net jdk.nio.mapmode jdk.random jdk.sctp jdk.security.auth jdk.security.jgss jdk.unsupported jdk.unsupported.desktop jdk.xml.dom" 

Environment Variables:
JAVA_HOME=C:\Java
PATH=C:\Program Files (x86)\NVIDIA Corporation\PhysX\Common;C:\Program Files\Common Files\Oracle\Java\javapath;C:\WINDOWS\system32;C:\WINDOWS;C:\WINDOWS\System32\Wbem;C:\WINDOWS\System32\WindowsPowerShell\v1.0\;C:\WINDOWS\System32\OpenSSH\;C:\Program Files\Git\cmd;C:\Java\bin;C:\Program Files\Microsoft SQL Server\150\Tools\Binn\;C:\Program Files\Microsoft SQL Server\Client SDK\ODBC\170\Tools\Binn\;C:\Program Files (x86)\Windows Kits\10\Windows Performance Toolkit\;C:\Program Files\dotnet\;C:\ProgramData\ComposerSetup\bin;C:\ProgramData\chocolatey\bin;C:\Program Files\nodejs\;C:\Users\user\.local\bin;C:\Program Files\MySQL\MySQL Shell 8.0\bin\;C:\Users\user\AppData\Local\Microsoft\WindowsApps;C:\Users\user\AppData\Local\Programs\Microsoft VS Code\bin;C:\Users\user\AppData\Local\Programs\Windsurf\bin;C:\Users\user\.dotnet\tools;C:\xampp\php;C:\Users\user\AppData\Local\ComposerSetup\bin;C:\Users\user\AppData\Roaming\Composer\vendor\bin;C:\Users\user\AppData\Roaming\npm;C:\Users\user\AppData\Local\Programs\Antigravity\bin
USERNAME=user
OS=Windows_NT
PROCESSOR_IDENTIFIER=Intel64 Family 6 Model 142 Stepping 12, GenuineIntel
TMP=C:\Users\user\AppData\Local\Temp
TEMP=C:\Users\user\AppData\Local\Temp




Periodic native trim disabled

---------------  S Y S T E M  ---------------

OS:
 Windows 11 , 64 bit Build 26100 (10.0.26100.7019)
OS uptime: 2 days 9:23 hours

CPU: total 8 (initial active 8) (4 cores per cpu, 2 threads per core) family 6 model 142 stepping 12 microcode 0x100, cx8, cmov, fxsr, ht, mmx, 3dnowpref, sse, sse2, sse3, ssse3, sse4.1, sse4.2, popcnt, lzcnt, tsc, tscinvbit, avx, avx2, aes, erms, clmul, bmi1, bmi2, adx, fma, vzeroupper, clflush, clflushopt, rdtscp, f16c
Processor Information for the first 8 processors :
  Max Mhz: 1896, Current Mhz: 1596, Mhz Limit: 1592

Memory: 4k page, system-wide physical 8006M (674M free)
TotalPageFile size 29486M (AvailPageFile size 83M)
current process WorkingSet (physical memory assigned to process): 16M, peak: 1090M
current process commit charge ("private bytes"): 1495M, peak: 1521M

vm_info: OpenJDK 64-Bit Server VM (21.0.10+7-LTS) for windows-amd64 JRE (21.0.10+7-LTS), built on 2026-01-20T00:00:00Z by "admin" with MS VC++ 17.12 (VS2022)

END.
